<?xml version="1.0" encoding="UTF-8" ?>
<testsuite errors="0" failures="0" hostname="Moises-PC" name="BL.general.AppSingletonTest" tests="26" time="17.019" timestamp="2012-12-14T20:28:18">
  <properties>
    <property name="libs.jsp-compiler.javadoc" value="" />
    <property name="netbeans.autoupdate.country" value="US" />
    <property name="ant.file.type.PaperGenerator2-impl" value="file" />
    <property name="javac.test.classpath" value="C:\Program Files\NetBeans 7.1\enterprise\modules\ext\jsf-2_1\jsf-api.jar;C:\Program Files\NetBeans 7.1\enterprise\modules\ext\jsf-2_1\jsf-impl.jar:C:\Program Files\NetBeans 7.1\enterprise\modules\ext\standard.jar;C:\Program Files\NetBeans 7.1\enterprise\modules\ext\jstl.jar:C:\Program Files\NetBeans 7.1\java\modules\ext\hibernate\antlr-2.7.6.jar;C:\Program Files\NetBeans 7.1\java\modules\ext\hibernate\asm.jar;C:\Program Files\NetBeans 7.1\java\modules\ext\hibernate\asm-attrs.jar;C:\Program Files\NetBeans 7.1\java\modules\ext\hibernate\cglib-2.1.3.jar;C:\Program Files\NetBeans 7.1\java\modules\ext\hibernate\commons-collections-2.1.1.jar;C:\Program Files\NetBeans 7.1\ide\modules\org-apache-commons-logging.jar;C:\Program Files\NetBeans 7.1\java\modules\ext\hibernate\dom4j-1.6.1.jar;C:\Program Files\NetBeans 7.1\java\modules\ext\hibernate\ehcache-1.2.3.jar;C:\Program Files\NetBeans 7.1\java\modules\ext\hibernate\jdbc2_0-stdext.jar;C:\Program Files\NetBeans 7.1\java\modules\ext\hibernate\jta.jar;C:\Program Files\NetBeans 7.1\java\modules\ext\hibernate\hibernate3.jar;C:\Program Files\NetBeans 7.1\java\modules\ext\hibernate\hibernate-tools.jar;C:\Program Files\NetBeans 7.1\java\modules\ext\hibernate\hibernate-annotations.jar;C:\Program Files\NetBeans 7.1\java\modules\ext\hibernate\hibernate-commons-annotations.jar;C:\Program Files\NetBeans 7.1\java\modules\ext\hibernate\hibernate-entitymanager.jar;C:\Program Files\NetBeans 7.1\java\modules\ext\hibernate\javassist.jar:mysql-connector-java-5.1.13-bin.jar:C:\Program Files\NetBeans 7.1\java\modules\ext\hibernate\ejb3-persistence.jar:dependencies/afternoon-1.0.8.jar:dependencies/primefaces.jar:dependencies\c3p0-0.9.1.2.jar:dependencies\junit-dep-4.11-SNAPSHOT-20120805-1225.jar:C:\Users\Moises\Documents\GitHub\PaperGenerator\PaperGenerator2\dependencies\itextpdf-5.3.4.jar:build/web/WEB-INF/classes:C:\Program Files\NetBeans 7.1\platform\modules\ext\junit-4.10.jar" />
    <property name="libs.jsf20.maven-pom" value="" />
    <property name="j2ee.copy.static.files.on.save" value="true" />
    <property name="libs.DataBindingME.src" value="C:\Program Files\NetBeans 7.1\mobility\sources\netbeans_databindingme-src.zip" />
    <property name="libs.j2me_ant_ext.javadoc" value="" />
    <property name="source.root" value="src" />
    <property name="do.display.browser" value="true" />
    <property name="file.reference.primefaces.jar" value="dependencies/primefaces.jar" />
    <property name="libs.junit.javadoc" value="C:\Program Files\NetBeans 7.1\java\docs\junit-3.8.2-api.zip" />
    <property name="libs.nokiaS80-ant-utils.javadoc" value="" />
    <property name="ant.core.lib" value="C:\Program Files\NetBeans 7.1\java\ant\lib\ant.jar" />
    <property name="libs.jakarta_slide_ant_webdav.javadoc" value="" />
    <property name="javadoc.windowtitle" value="" />
    <property name="libs.toplink.classpath" value="C:\Program Files\NetBeans 7.1\java\modules\ext\toplink\toplink-essentials.jar;C:\Program Files\NetBeans 7.1\java\modules\ext\toplink\toplink-essentials-agent.jar" />
    <property name="libs.jsp-compilation.javadoc" value="" />
    <property name="user.dir" value="C:\Users\Moises\Documents\GitHub\PaperGenerator\PaperGenerator2" />
    <property name="libs.hibernate-persistence.javadoc" value="" />
    <property name="libs.JMUnit4CLDC10.javadoc" value="C:\Program Files\NetBeans 7.1\mobility\modules\docs\jmunit-1.2.1-api.zip" />
    <property name="java.vm.version" value="22.0-b10" />
    <property name="libs.DataBindingME.classpath" value="C:\Program Files\NetBeans 7.1\mobility\modules\ext\netbeans_databindingme.jar" />
    <property name="libs.jstl11.maven-pom" value="" />
    <property name="libs.Java-EE-GlassFish-v3.wsimport" value="" />
    <property name="libs.MySQLDriver.classpath" value="C:\Program Files\NetBeans 7.1\ide\modules\ext\mysql-connector-java-5.1.13-bin.jar" />
    <property name="libs.eclipselinkmodelgen.src" value="" />
    <property name="libs.jstl11.src" value="" />
    <property name="javadoc.notree" value="false" />
    <property name="lib.dir" value="web/WEB-INF/lib" />
    <property name="netbeans.autoupdate.version" value="1.23" />
    <property name="libs.EclipseLink-GlassFish-v3.classpath" value="C:\Program Files\glassfish-3.1.1\glassfish\modules\org.eclipse.persistence.antlr.jar;C:\Program Files\glassfish-3.1.1\glassfish\modules\org.eclipse.persistence.asm.jar;C:\Program Files\glassfish-3.1.1\glassfish\modules\org.eclipse.persistence.core.jar;C:\Program Files\glassfish-3.1.1\glassfish\modules\org.eclipse.persistence.jpa.jar;C:\Program Files\glassfish-3.1.1\glassfish\modules\org.eclipse.persistence.jpa.modelgen.jar;C:\Program Files\glassfish-3.1.1\glassfish\modules\org.eclipse.persistence.oracle.jar;C:\Program Files\glassfish-3.1.1\glassfish\modules\javax.persistence.jar" />
    <property name="libs.javaee-web-api-6.0.classpath" value="C:\Program Files\NetBeans 7.1\enterprise\modules\ext\javaee-web-api-6.0.jar" />
    <property name="libs.DataBindingME-PIM.maven-pom" value="" />
    <property name="libs.hibernate-support.maven-pom" value="" />
    <property name="libs.hibernate-support.javadoc" value="" />
    <property name="libs.NetBeans MIDP Components.maven-pom" value="" />
    <property name="jdk.home" value="C:\Program Files\Java\jdk1.7.0_02" />
    <property name="libs.javac-api.src" value="" />
    <property name="libs.PrimeFaces_3.3.classpath" value="C:\Users\Moises\Desktop\ANALISIS\primefaces-3.3.1.jar" />
    <property name="javadoc.noindex" value="false" />
    <property name="sun.os.patch.level" value="Service Pack 1" />
    <property name="do.tmp.war.package" value="true" />
    <property name="java.vm.specification.name" value="Java Virtual Machine Specification" />
    <property name="libs.semc-ant-utils.classpath" value="C:\Program Files\NetBeans 7.1\mobility\modules\ext\org-netbeans-modules-j2me-cdc-project-semc.jar" />
    <property name="nb.show.statistics.ui" value="usageStatisticsEnabled" />
    <property name="libs.nokiadeployment.classpath" value="C:\Program Files\NetBeans 7.1\mobility\modules\org-netbeans-modules-mobility-deployment-nokia.jar" />
    <property name="netbeans.autoupdate.variant" value="" />
    <property name="have.tests" value="true" />
    <property name="libs.nokiaS80-ant-utils.maven-pom" value="" />
    <property name="org.xml.sax.driver" value="com.sun.org.apache.xerces.internal.jaxp.SAXParserImpl$JAXPSAXParser" />
    <property name="libs.nb_svg_midp_components.src" value="C:\Program Files\NetBeans 7.1\mobility\sources\nb_svg_midp_components-src.zip" />
    <property name="j2ee.server.instance" value="tomcat70:home=C:\Program Files\Apache Software Foundation\Apache Tomcat 7.0.22:base=apache-tomcat-7.0.22.0_base" />
    <property name="ant.file.type.PaperGenerator2" value="file" />
    <property name="libs.NetBeans MIDP Components WMA.src" value="C:\Program Files\NetBeans 7.1\mobility\sources\netbeans_midp_components_wma-src.zip" />
    <property name="libs.javac-api.javadoc" value="" />
    <property name="os.name" value="Windows 7" />
    <property name="libs.beans-binding.classpath" value="C:\Program Files\NetBeans 7.1\java\modules\ext\beansbinding-1.2.1.jar" />
    <property name="ap.proc.none.internal" value="" />
    <property name="libs.DataBindingME-SVG.javadoc" value="C:\Program Files\NetBeans 7.1\mobility\modules\docs\netbeans_databindingme_svg-api.zip" />
    <property name="org.whattf.datatype.lang-registry" value="jar:file:/C:/Program%20Files/NetBeans%207.1/ide/modules/ext/validator.jar!/nu/validator/localentities/files/www_iana_org_assignments_language_subtag_registry" />
    <property name="libs.PrimeFaces_3.3.javadoc" value="" />
    <property name="libs.restapi.javadoc" value="C:\Program Files\NetBeans 7.1\enterprise\docs\jsr311-api-1.1.1-javadoc.zip" />
    <property name="libs.JWSAntTasks.maven-pom" value="" />
    <property name="libs.ojec-ant-utils.src" value="" />
    <property name="nu.validator.spec.alt-advice" value="jar:file:/C:/Program%20Files/NetBeans%207.1/ide/modules/ext/validator.jar!/nu/validator/localentities/files/wiki_whatwg_org_wiki_Validator_nu_alt_advice" />
    <property name="libs.spring-webmvc3.0.src" value="" />
    <property name="libs.restapi.classpath" value="C:\Program Files\NetBeans 7.1\enterprise\modules\ext\rest\jsr311-api-1.1.1.jar" />
    <property name="runmain.jvmargs" value="" />
    <property name="java.vendor.url.bug" value="http://bugreport.sun.com/bugreport/" />
    <property name="libs.jaxb.maven-pom" value="" />
    <property name="os.arch" value="amd64" />
    <property name="libs.eclipselink.src" value="" />
    <property name="user.name" value="Moises" />
    <property name="j2ee.compile.on.save" value="true" />
    <property name="libs.jsf12.javadoc" value="C:\Program Files\NetBeans 7.1\enterprise\docs\javaee6-doc-api.zip" />
    <property name="libs.Comet-GlassFish-v3.javadoc" value="" />
    <property name="libs.spring-webmvc3.0.maven-pom" value="" />
    <property name="libs.swing-layout.maven-pom" value="" />
    <property name="sun.java.command" value="org.apache.tools.ant.taskdefs.optional.junit.JUnitTestRunner BL.general.AppSingletonTest filtertrace=true haltOnError=false haltOnFailure=false showoutput=true outputtoformatters=true logfailedtests=true logtestlistenerevents=true formatter=org.apache.tools.ant.taskdefs.optional.junit.BriefJUnitResultFormatter formatter=org.apache.tools.ant.taskdefs.optional.junit.XMLJUnitResultFormatter,C:\Users\Moises\Documents\GitHub\PaperGenerator\PaperGenerator2\build\test\results\TEST-BL.general.AppSingletonTest.xml crashfile=C:\Users\Moises\Documents\GitHub\PaperGenerator\PaperGenerator2\build\junitvmwatcher2683341788604413698.properties propsfile=C:\Users\Moises\Documents\GitHub\PaperGenerator\PaperGenerator2\build\junit8728796617352149332.properties" />
    <property name="build.classes.dir" value="build/web/WEB-INF/classes" />
    <property name="netbeans.accept_license_class" value="org.netbeans.license.AcceptLicense" />
    <property name="libs.Java-EE-GlassFish-v3.wsjwsdp" value="" />
    <property name="ap.supported.internal" value="true" />
    <property name="libs.jaxws21.javadoc" value="C:\Program Files\NetBeans 7.1\java\docs\jaxws-api-doc.zip" />
    <property name="build.web.excludes" value="**/*.java,**/*.form" />
    <property name="includes" value="**" />
    <property name="libs.ojec-ant-utils.maven-pom" value="" />
    <property name="user.country" value="US" />
    <property name="libs.jstl11.javadoc" value="C:\Program Files\NetBeans 7.1\enterprise\docs\javaee6-doc-api.zip" />
    <property name="libs.JMUnit4CLDC11.src" value="" />
    <property name="javadoc.encoding" value="UTF-8" />
    <property name="javac.classpath" value="C:\Program Files\NetBeans 7.1\enterprise\modules\ext\jsf-2_1\jsf-api.jar;C:\Program Files\NetBeans 7.1\enterprise\modules\ext\jsf-2_1\jsf-impl.jar:C:\Program Files\NetBeans 7.1\enterprise\modules\ext\standard.jar;C:\Program Files\NetBeans 7.1\enterprise\modules\ext\jstl.jar:C:\Program Files\NetBeans 7.1\java\modules\ext\hibernate\antlr-2.7.6.jar;C:\Program Files\NetBeans 7.1\java\modules\ext\hibernate\asm.jar;C:\Program Files\NetBeans 7.1\java\modules\ext\hibernate\asm-attrs.jar;C:\Program Files\NetBeans 7.1\java\modules\ext\hibernate\cglib-2.1.3.jar;C:\Program Files\NetBeans 7.1\java\modules\ext\hibernate\commons-collections-2.1.1.jar;C:\Program Files\NetBeans 7.1\ide\modules\org-apache-commons-logging.jar;C:\Program Files\NetBeans 7.1\java\modules\ext\hibernate\dom4j-1.6.1.jar;C:\Program Files\NetBeans 7.1\java\modules\ext\hibernate\ehcache-1.2.3.jar;C:\Program Files\NetBeans 7.1\java\modules\ext\hibernate\jdbc2_0-stdext.jar;C:\Program Files\NetBeans 7.1\java\modules\ext\hibernate\jta.jar;C:\Program Files\NetBeans 7.1\java\modules\ext\hibernate\hibernate3.jar;C:\Program Files\NetBeans 7.1\java\modules\ext\hibernate\hibernate-tools.jar;C:\Program Files\NetBeans 7.1\java\modules\ext\hibernate\hibernate-annotations.jar;C:\Program Files\NetBeans 7.1\java\modules\ext\hibernate\hibernate-commons-annotations.jar;C:\Program Files\NetBeans 7.1\java\modules\ext\hibernate\hibernate-entitymanager.jar;C:\Program Files\NetBeans 7.1\java\modules\ext\hibernate\javassist.jar:mysql-connector-java-5.1.13-bin.jar:C:\Program Files\NetBeans 7.1\java\modules\ext\hibernate\ejb3-persistence.jar:dependencies/afternoon-1.0.8.jar:dependencies/primefaces.jar:dependencies\c3p0-0.9.1.2.jar:dependencies\junit-dep-4.11-SNAPSHOT-20120805-1225.jar:C:\Users\Moises\Documents\GitHub\PaperGenerator\PaperGenerator2\dependencies\itextpdf-5.3.4.jar" />
    <property name="libs.jsp-compilation-syscp.src" value="" />
    <property name="file.reference.junit-dep-4.11-SNAPSHOT-20120805-1225.jar" value="dependencies\junit-dep-4.11-SNAPSHOT-20120805-1225.jar" />
    <property name="do.debug.server" value="true" />
    <property name="debug-transport" value="dt_shmem" />
    <property name="netbeans.home" value="C:\Program Files\NetBeans 7.1\platform" />
    <property name="build.compiler.emacs" value="true" />
    <property name="libs.javaee-web-api-6.0.src" value="" />
    <property name="libs.ejb3-persistence.src" value="" />
    <property name="libs.Java-EE-GlassFish-v3.javadoc" value="C:\Program Files\NetBeans 7.1\enterprise\docs\javaee6-doc-api.zip" />
    <property name="libs.jsp-compilation-syscp.classpath" value="C:\Program Files\NetBeans 7.1\java\ant\lib\ant.jar;C:\Program Files\NetBeans 7.1\enterprise\modules\ext\servlet3.0-jsp2.2-api.jar;C:\Program Files\NetBeans 7.1\enterprise\modules\ext\glassfish-jspparser-3.0.jar;C:\Program Files\NetBeans 7.1\enterprise\modules\ext\standard.jar;C:\Program Files\NetBeans 7.1\enterprise\modules\ext\jsf-2_1\jsf-impl.jar" />
    <property name="libs.nokiaS80-ant-utils.src" value="" />
    <property name="libs.cdc-pp-awt-layout.javadoc" value="" />
    <property name="libs.j2me_ant_ext.classpath" value="C:\Program Files\NetBeans 7.1\mobility\modules\org-netbeans-modules-mobility-antext.jar;C:\Program Files\NetBeans 7.1\java\modules\org-netbeans-modules-classfile.jar" />
    <property name="java.endorsed.dirs" value="C:\Program Files\Java\jdk1.7.0_02\jre\lib\endorsed" />
    <property name="user.language.format" value="es" />
    <property name="libs.Comet-GlassFish-v3.maven-pom" value="" />
    <property name="libs.groovy-all.src" value="" />
    <property name="netbeans.dynamic.classpath" value="C:\Program Files\NetBeans 7.1\platform\core\core.jar;C:\Program Files\NetBeans 7.1\platform\core\org-openide-filesystems.jar;C:\Program Files\NetBeans 7.1\platform\core\locale\core_ja.jar;C:\Program Files\NetBeans 7.1\platform\core\locale\core_pt_BR.jar;C:\Program Files\NetBeans 7.1\platform\core\locale\core_ru.jar;C:\Program Files\NetBeans 7.1\platform\core\locale\core_zh_CN.jar;C:\Program Files\NetBeans 7.1\platform\core\locale\org-openide-filesystems_ja.jar;C:\Program Files\NetBeans 7.1\platform\core\locale\org-openide-filesystems_pt_BR.jar;C:\Program Files\NetBeans 7.1\platform\core\locale\org-openide-filesystems_ru.jar;C:\Program Files\NetBeans 7.1\platform\core\locale\org-openide-filesystems_zh_CN.jar;C:\Program Files\NetBeans 7.1\nb\core\org-netbeans-upgrader.jar;C:\Program Files\NetBeans 7.1\nb\core\locale\core_nb.jar;C:\Program Files\NetBeans 7.1\nb\core\locale\core_nb_ja.jar;C:\Program Files\NetBeans 7.1\nb\core\locale\core_nb_pt_BR.jar;C:\Program Files\NetBeans 7.1\nb\core\locale\core_nb_ru.jar;C:\Program Files\NetBeans 7.1\nb\core\locale\core_nb_zh_CN.jar;C:\Program Files\NetBeans 7.1\nb\core\locale\org-netbeans-upgrader_ja.jar;C:\Program Files\NetBeans 7.1\nb\core\locale\org-netbeans-upgrader_pt_BR.jar;C:\Program Files\NetBeans 7.1\nb\core\locale\org-netbeans-upgrader_ru.jar;C:\Program Files\NetBeans 7.1\nb\core\locale\org-netbeans-upgrader_zh_CN.jar" />
    <property name="libs.cdc-agui-swing-layout.maven-pom" value="" />
    <property name="libs.cdc-pp-awt-layout.src" value="C:\Program Files\NetBeans 7.1\mobility\sources\cdc-pp-awt-layout-src.zip" />
    <property name="java.vm.specification.version" value="1.7" />
    <property name="libs.jakarta_slide_ant_webdav.src" value="" />
    <property name="libs.primefaces.classpath" value="C:\Program Files\NetBeans 7.1\enterprise\modules\ext\primefaces\primefaces-2.2.1.jar" />
    <property name="libs.javaee-api-6.0.classpath" value="C:\Program Files\NetBeans 7.1\enterprise\modules\ext\javaee-api-6.0.jar" />
    <property name="libs.sjmc-ant-utils.maven-pom" value="" />
    <property name="libs.groovy-all.maven-pom" value="" />
    <property name="libs.JMUnit4CLDC10.maven-pom" value="" />
    <property name="netbeans.productversion" value="NetBeans IDE 7.1 (Build 201112071828)" />
    <property name="libs.hibernate-persistence.classpath" value="C:\Program Files\NetBeans 7.1\java\modules\ext\hibernate\antlr-2.7.6.jar;C:\Program Files\NetBeans 7.1\java\modules\ext\hibernate\asm.jar;C:\Program Files\NetBeans 7.1\java\modules\ext\hibernate\asm-attrs.jar;C:\Program Files\NetBeans 7.1\java\modules\ext\hibernate\cglib-2.1.3.jar;C:\Program Files\NetBeans 7.1\java\modules\ext\hibernate\commons-collections-2.1.1.jar;C:\Program Files\NetBeans 7.1\ide\modules\org-apache-commons-logging.jar;C:\Program Files\NetBeans 7.1\java\modules\ext\hibernate\dom4j-1.6.1.jar;C:\Program Files\NetBeans 7.1\java\modules\ext\hibernate\ehcache-1.2.3.jar;C:\Program Files\NetBeans 7.1\java\modules\ext\hibernate\jdbc2_0-stdext.jar;C:\Program Files\NetBeans 7.1\java\modules\ext\hibernate\jta.jar;C:\Program Files\NetBeans 7.1\java\modules\ext\hibernate\hibernate3.jar;C:\Program Files\NetBeans 7.1\java\modules\ext\hibernate\hibernate-tools.jar;C:\Program Files\NetBeans 7.1\java\modules\ext\hibernate\hibernate-annotations.jar;C:\Program Files\NetBeans 7.1\java\modules\ext\hibernate\hibernate-commons-annotations.jar;C:\Program Files\NetBeans 7.1\java\modules\ext\hibernate\hibernate-entitymanager.jar;C:\Program Files\NetBeans 7.1\java\modules\ext\hibernate\javassist.jar;C:\Program Files\NetBeans 7.1\java\modules\ext\hibernate\ejb3-persistence.jar" />
    <property name="libs.jaxws21.src" value="" />
    <property name="do.war.package.with.custom.manifest" value="true" />
    <property name="netbeans.autoupdate.language" value="en" />
    <property name="libs.jakarta_slide_ant_webdav.classpath" value="C:\Program Files\NetBeans 7.1\mobility\modules\ext\commons-httpclient-3.0.1.jar;C:\Program Files\NetBeans 7.1\ide\modules\org-apache-commons-logging.jar;C:\Program Files\NetBeans 7.1\mobility\modules\ext\jdom-1.0.jar;C:\Program Files\NetBeans 7.1\mobility\modules\ext\jakarta-slide-webdavlib-2.1.jar;C:\Program Files\NetBeans 7.1\mobility\modules\ext\jakarta-slide-ant-webdav-2.1.jar" />
    <property name="java.vendor" value="Oracle Corporation" />
    <property name="libs.JMUnit4CLDC10.src" value="" />
    <property name="libs.javaee-api-6.0.javadoc" value="C:\Program Files\NetBeans 7.1\enterprise\docs\javaee6-doc-api.zip" />
    <property name="javac.debug" value="true" />
    <property name="javadoc.splitindex" value="true" />
    <property name="file.separator" value="\" />
    <property name="libs.restlib_gfv3ee6.classpath" value="C:\Program Files\glassfish-3.1.1\glassfish\modules\jackson-core-asl.jar;C:\Program Files\glassfish-3.1.1\glassfish\modules\jackson-jaxrs.jar;C:\Program Files\glassfish-3.1.1\glassfish\modules\jackson-mapper-asl.jar;C:\Program Files\glassfish-3.1.1\glassfish\modules\jersey-client.jar;C:\Program Files\glassfish-3.1.1\glassfish\modules\jersey-core.jar;C:\Program Files\glassfish-3.1.1\glassfish\modules\jersey-gf-server.jar;C:\Program Files\glassfish-3.1.1\glassfish\modules\jersey-json.jar;C:\Program Files\glassfish-3.1.1\glassfish\modules\jersey-multipart.jar;C:\Program Files\glassfish-3.1.1\glassfish\modules\jettison.jar;C:\Program Files\glassfish-3.1.1\glassfish\modules\mimepull.jar" />
    <property name="libs.junit_4.maven-pom" value="" />
    <property name="resource.dir" value="setup" />
    <property name="javac.test.processorpath" value="C:\Program Files\NetBeans 7.1\enterprise\modules\ext\jsf-2_1\jsf-api.jar;C:\Program Files\NetBeans 7.1\enterprise\modules\ext\jsf-2_1\jsf-impl.jar:C:\Program Files\NetBeans 7.1\enterprise\modules\ext\standard.jar;C:\Program Files\NetBeans 7.1\enterprise\modules\ext\jstl.jar:C:\Program Files\NetBeans 7.1\java\modules\ext\hibernate\antlr-2.7.6.jar;C:\Program Files\NetBeans 7.1\java\modules\ext\hibernate\asm.jar;C:\Program Files\NetBeans 7.1\java\modules\ext\hibernate\asm-attrs.jar;C:\Program Files\NetBeans 7.1\java\modules\ext\hibernate\cglib-2.1.3.jar;C:\Program Files\NetBeans 7.1\java\modules\ext\hibernate\commons-collections-2.1.1.jar;C:\Program Files\NetBeans 7.1\ide\modules\org-apache-commons-logging.jar;C:\Program Files\NetBeans 7.1\java\modules\ext\hibernate\dom4j-1.6.1.jar;C:\Program Files\NetBeans 7.1\java\modules\ext\hibernate\ehcache-1.2.3.jar;C:\Program Files\NetBeans 7.1\java\modules\ext\hibernate\jdbc2_0-stdext.jar;C:\Program Files\NetBeans 7.1\java\modules\ext\hibernate\jta.jar;C:\Program Files\NetBeans 7.1\java\modules\ext\hibernate\hibernate3.jar;C:\Program Files\NetBeans 7.1\java\modules\ext\hibernate\hibernate-tools.jar;C:\Program Files\NetBeans 7.1\java\modules\ext\hibernate\hibernate-annotations.jar;C:\Program Files\NetBeans 7.1\java\modules\ext\hibernate\hibernate-commons-annotations.jar;C:\Program Files\NetBeans 7.1\java\modules\ext\hibernate\hibernate-entitymanager.jar;C:\Program Files\NetBeans 7.1\java\modules\ext\hibernate\javassist.jar:mysql-connector-java-5.1.13-bin.jar:C:\Program Files\NetBeans 7.1\java\modules\ext\hibernate\ejb3-persistence.jar:dependencies/afternoon-1.0.8.jar:dependencies/primefaces.jar:dependencies\c3p0-0.9.1.2.jar:dependencies\junit-dep-4.11-SNAPSHOT-20120805-1225.jar:C:\Users\Moises\Documents\GitHub\PaperGenerator\PaperGenerator2\dependencies\itextpdf-5.3.4.jar:build/web/WEB-INF/classes:C:\Program Files\NetBeans 7.1\platform\modules\ext\junit-4.10.jar" />
    <property name="netbeans.buildnumber" value="201112071828" />
    <property name="libs.JWSAntTasks.javadoc" value="" />
    <property name="build.generated.sources.dir" value="build/generated-sources" />
    <property name="user.variant" value="" />
    <property name="libs.eclipselinkmodelgen.classpath" value="C:\Program Files\NetBeans 7.1\java\modules\ext\eclipselink\eclipselink-jpa-modelgen-2.3.0.jar" />
    <property name="libs.Java-EE-GlassFish-v3.wscompile" value="" />
    <property name="sun.java.launcher" value="SUN_STANDARD" />
    <property name="libs.junit.classpath" value="C:\Program Files\NetBeans 7.1\java\modules\ext\junit-3.8.2.jar" />
    <property name="libs.jaxb.javadoc" value="C:\Program Files\NetBeans 7.1\ide\docs\jaxb-api-doc.zip" />
    <property name="libs.struts.classpath" value="C:\Program Files\NetBeans 7.1\enterprise\modules\ext\struts\antlr-2.7.2.jar;C:\Program Files\NetBeans 7.1\enterprise\modules\ext\struts\bsf-2.3.0.jar;C:\Program Files\NetBeans 7.1\enterprise\modules\ext\struts\commons-beanutils-1.8.0.jar;C:\Program Files\NetBeans 7.1\enterprise\modules\ext\struts\commons-chain-1.2.jar;C:\Program Files\NetBeans 7.1\enterprise\modules\ext\struts\commons-digester-1.8.jar;C:\Program Files\NetBeans 7.1\enterprise\modules\ext\struts\commons-fileupload-1.1.1.jar;C:\Program Files\NetBeans 7.1\enterprise\modules\ext\struts\commons-io-1.1.jar;C:\Program Files\NetBeans 7.1\enterprise\modules\ext\struts\commons-logging-1.0.4.jar;C:\Program Files\NetBeans 7.1\enterprise\modules\ext\struts\commons-validator-1.3.1.jar;C:\Program Files\NetBeans 7.1\enterprise\modules\ext\struts\jstl-1.0.2.jar;C:\Program Files\NetBeans 7.1\enterprise\modules\ext\struts\oro-2.0.8.jar;C:\Program Files\NetBeans 7.1\enterprise\modules\ext\struts\standard-1.0.6.jar;C:\Program Files\NetBeans 7.1\enterprise\modules\ext\struts\struts-core-1.3.10.jar;C:\Program Files\NetBeans 7.1\enterprise\modules\ext\struts\struts-el-1.3.10.jar;C:\Program Files\NetBeans 7.1\enterprise\modules\ext\struts\struts-extras-1.3.10.jar;C:\Program Files\NetBeans 7.1\enterprise\modules\ext\struts\struts-faces-1.3.10.jar;C:\Program Files\NetBeans 7.1\enterprise\modules\ext\struts\struts-mailreader-dao-1.3.10.jar;C:\Program Files\NetBeans 7.1\enterprise\modules\ext\struts\struts-scripting-1.3.10.jar;C:\Program Files\NetBeans 7.1\enterprise\modules\ext\struts\struts-taglib-1.3.10.jar;C:\Program Files\NetBeans 7.1\enterprise\modules\ext\struts\struts-tiles-1.3.10.jar" />
    <property name="application.args.param" value="" />
    <property name="ant.home" value="C:\Program Files\NetBeans 7.1\java\ant" />
    <property name="libs.junit_4.src" value="C:\Program Files\NetBeans 7.1\java\docs\junit-4.10-sources.jar" />
    <property name="conf.dir" value="src/conf" />
    <property name="webinf.dir" value="web/WEB-INF" />
    <property name="libs.absolutelayout.maven-pom" value="" />
    <property name="ant.java.version" value="1.7" />
    <property name="java.library.path" value="C:\Program Files\Java\jdk1.7.0_02\jre\bin;C:\windows\Sun\Java\bin;C:\windows\system32;C:\windows;C:\Program Files (x86)\Haskell\bin;C:\Program Files (x86)\Haskell Platform\2011.4.0.0\lib\extralibs\bin;C:\Program Files (x86)\Haskell Platform\2011.4.0.0\bin;C:\Program Files\Java\jdk1.7.0_02\bin;C:\oraclexe\app\oracle\product\10.2.0\server\bin;C:\Program Files\Common Files\Microsoft Shared\Windows Live;C:\Program Files (x86)\Common Files\Microsoft Shared\Windows Live;C:\windows\system32;C:\windows;C:\windows\System32\Wbem;C:\windows\System32\WindowsPowerShell\v1.0\;C:\Program Files (x86)\Windows Live\Shared;C:\Program Files\Intel\WiFi\bin\;C:\Program Files\Common Files\Intel\WirelessCommon\;C:\Program Files (x86)\QuickTime\QTSystem\;c:\Program Files (x86)\Microsoft SQL Server\100\Tools\Binn\;c:\Program Files\Microsoft SQL Server\100\Tools\Binn\;c:\Program Files\Microsoft SQL Server\100\DTS\Binn\;C:\Program Files\TortoiseSVN\bin;C:\Program Files\TortoiseGit\bin;C:\cup;C:\jflex\bin;C:\Program Files\Microsoft\Web Platform Installer\;c:\Program Files (x86)\Microsoft ASP.NET\ASP.NET Web Pages\v1.0\;c:\Program Files (x86)\Microsoft SQL Server\100\DTS\Binn\;c:\Program Files (x86)\Microsoft SQL Server\100\Tools\Binn\VSShell\Common7\IDE\;c:\Program Files (x86)\Microsoft Visual Studio 9.0\Common7\IDE\PrivateAssemblies\;C:\Users\Moises\AppData\Roaming\cabal\bin;." />
    <property name="javadoc.author" value="false" />
    <property name="libs.metro.maven-pom" value="" />
    <property name="libs.EclipseLink-GlassFish-v3.src" value="" />
    <property name="java.util.logging.config.class" value="org.netbeans.core.startup.TopLogging" />
    <property name="libs.PostgreSQLDriver.src" value="" />
    <property name="sun.arch.data.model" value="64" />
    <property name="basedir" value="C:\Users\Moises\Documents\GitHub\PaperGenerator\PaperGenerator2" />
    <property name="jar.compress" value="false" />
    <property name="libs.NetBeans MIDP Components PDA.src" value="C:\Program Files\NetBeans 7.1\mobility\sources\netbeans_midp_components_pda-src.zip" />
    <property name="libs.jstl11.classpath" value="C:\Program Files\NetBeans 7.1\enterprise\modules\ext\standard.jar;C:\Program Files\NetBeans 7.1\enterprise\modules\ext\jstl.jar" />
    <property name="path.separator" value=";" />
    <property name="dist.war" value="dist/PaperGenerator2.war" />
    <property name="libs.javaee-web-api-6.0.javadoc" value="C:\Program Files\NetBeans 7.1\enterprise\docs\javaee6-doc-api.zip" />
    <property name="ant.junit.enabletestlistenerevents" value="true" />
    <property name="sun.io.unicode.encoding" value="UnicodeLittle" />
    <property name="libs.semc-ant-utils.javadoc" value="" />
    <property name="libs.jaxws21.classpath" value="C:\Program Files\NetBeans 7.1\ide\modules\ext\jaxb\jaxb-impl.jar;C:\Program Files\NetBeans 7.1\ide\modules\ext\jaxb\jaxb-xjc.jar;C:\Program Files\NetBeans 7.1\java\modules\ext\jaxws22\FastInfoset.jar;C:\Program Files\NetBeans 7.1\java\modules\ext\jaxws22\gmbal-api-only.jar;C:\Program Files\NetBeans 7.1\java\modules\ext\jaxws22\http.jar;C:\Program Files\NetBeans 7.1\java\modules\ext\jaxws22\jaxws-rt.jar;C:\Program Files\NetBeans 7.1\java\modules\ext\jaxws22\jaxws-tools.jar;C:\Program Files\NetBeans 7.1\java\modules\ext\jaxws22\management-api.jar;C:\Program Files\NetBeans 7.1\java\modules\ext\jaxws22\mimepull.jar;C:\Program Files\NetBeans 7.1\java\modules\ext\jaxws22\policy.jar;C:\Program Files\NetBeans 7.1\java\modules\ext\jaxws22\saaj-impl.jar;C:\Program Files\NetBeans 7.1\java\modules\ext\jaxws22\stax-ex.jar;C:\Program Files\NetBeans 7.1\java\modules\ext\jaxws22\streambuffer.jar;C:\Program Files\NetBeans 7.1\java\modules\ext\jaxws22\woodstox.jar;C:\Program Files\NetBeans 7.1\java\modules\ext\jaxws22\api\jaxws-api.jar;C:\Program Files\NetBeans 7.1\java\modules\ext\jaxws22\api\jsr181-api.jar;C:\Program Files\NetBeans 7.1\java\modules\ext\jaxws22\api\jsr250-api.jar;C:\Program Files\NetBeans 7.1\java\modules\ext\jaxws22\api\saaj-api.jar;C:\Program Files\NetBeans 7.1\ide\modules\ext\jaxb\activation.jar;C:\Program Files\NetBeans 7.1\ide\modules\ext\jaxb\api\jaxb-api.jar;C:\Program Files\NetBeans 7.1\ide\modules\ext\jaxb\api\jsr173_api.jar" />
    <property name="libs.struts.src" value="" />
    <property name="apple.awt.graphics.UseQuartz" value="true" />
    <property name="user.language" value="en" />
    <property name="j2ee.platform.classpath" value="C:/Program Files/Apache Software Foundation/Apache Tomcat 7.0.22/lib/annotations-api.jar:C:/Program Files/Apache Software Foundation/Apache Tomcat 7.0.22/lib/catalina-ant.jar:C:/Program Files/Apache Software Foundation/Apache Tomcat 7.0.22/lib/catalina-ha.jar:C:/Program Files/Apache Software Foundation/Apache Tomcat 7.0.22/lib/catalina-tribes.jar:C:/Program Files/Apache Software Foundation/Apache Tomcat 7.0.22/lib/catalina.jar:C:/Program Files/Apache Software Foundation/Apache Tomcat 7.0.22/lib/ecj-3.7.jar:C:/Program Files/Apache Software Foundation/Apache Tomcat 7.0.22/lib/el-api.jar:C:/Program Files/Apache Software Foundation/Apache Tomcat 7.0.22/lib/jasper-el.jar:C:/Program Files/Apache Software Foundation/Apache Tomcat 7.0.22/lib/jasper.jar:C:/Program Files/Apache Software Foundation/Apache Tomcat 7.0.22/lib/jsp-api.jar:C:/Program Files/Apache Software Foundation/Apache Tomcat 7.0.22/lib/servlet-api.jar:C:/Program Files/Apache Software Foundation/Apache Tomcat 7.0.22/lib/tomcat-api.jar:C:/Program Files/Apache Software Foundation/Apache Tomcat 7.0.22/lib/tomcat-coyote.jar:C:/Program Files/Apache Software Foundation/Apache Tomcat 7.0.22/lib/tomcat-dbcp.jar:C:/Program Files/Apache Software Foundation/Apache Tomcat 7.0.22/lib/tomcat-i18n-es.jar:C:/Program Files/Apache Software Foundation/Apache Tomcat 7.0.22/lib/tomcat-i18n-fr.jar:C:/Program Files/Apache Software Foundation/Apache Tomcat 7.0.22/lib/tomcat-i18n-ja.jar:C:/Program Files/Apache Software Foundation/Apache Tomcat 7.0.22/lib/tomcat-jdbc.jar:C:/Program Files/Apache Software Foundation/Apache Tomcat 7.0.22/lib/tomcat-util.jar" />
    <property name="testng.mode" value="testng" />
    <property name="libs.JAXB-ENDORSED.maven-pom" value="" />
    <property name="libs.spring-framework.classpath" value="C:\Program Files\NetBeans 7.1\ide\modules\org-apache-commons-logging.jar;C:\Program Files\NetBeans 7.1\java\modules\ext\cglib-2.2.jar;C:\Program Files\NetBeans 7.1\java\modules\ext\spring\spring-2.5.6.SEC01.jar" />
    <property name="libs.eclipselink.maven-pom" value="" />
    <property name="build.meta.inf.dir" value="build/web/META-INF" />
    <property name="persistence.xml.dir" value="src/conf" />
    <property name="org.whattf.datatype.charset-registry" value="jar:file:/C:/Program%20Files/NetBeans%207.1/ide/modules/ext/validator.jar!/nu/validator/localentities/files/www_iana_org_assignments_character_sets" />
    <property name="libs.primefaces.javadoc" value="" />
    <property name="libs.spring-framework300.maven-pom" value="" />
    <property name="run.test.classpath" value="C:\Program Files\NetBeans 7.1\enterprise\modules\ext\jsf-2_1\jsf-api.jar;C:\Program Files\NetBeans 7.1\enterprise\modules\ext\jsf-2_1\jsf-impl.jar:C:\Program Files\NetBeans 7.1\enterprise\modules\ext\standard.jar;C:\Program Files\NetBeans 7.1\enterprise\modules\ext\jstl.jar:C:\Program Files\NetBeans 7.1\java\modules\ext\hibernate\antlr-2.7.6.jar;C:\Program Files\NetBeans 7.1\java\modules\ext\hibernate\asm.jar;C:\Program Files\NetBeans 7.1\java\modules\ext\hibernate\asm-attrs.jar;C:\Program Files\NetBeans 7.1\java\modules\ext\hibernate\cglib-2.1.3.jar;C:\Program Files\NetBeans 7.1\java\modules\ext\hibernate\commons-collections-2.1.1.jar;C:\Program Files\NetBeans 7.1\ide\modules\org-apache-commons-logging.jar;C:\Program Files\NetBeans 7.1\java\modules\ext\hibernate\dom4j-1.6.1.jar;C:\Program Files\NetBeans 7.1\java\modules\ext\hibernate\ehcache-1.2.3.jar;C:\Program Files\NetBeans 7.1\java\modules\ext\hibernate\jdbc2_0-stdext.jar;C:\Program Files\NetBeans 7.1\java\modules\ext\hibernate\jta.jar;C:\Program Files\NetBeans 7.1\java\modules\ext\hibernate\hibernate3.jar;C:\Program Files\NetBeans 7.1\java\modules\ext\hibernate\hibernate-tools.jar;C:\Program Files\NetBeans 7.1\java\modules\ext\hibernate\hibernate-annotations.jar;C:\Program Files\NetBeans 7.1\java\modules\ext\hibernate\hibernate-commons-annotations.jar;C:\Program Files\NetBeans 7.1\java\modules\ext\hibernate\hibernate-entitymanager.jar;C:\Program Files\NetBeans 7.1\java\modules\ext\hibernate\javassist.jar:mysql-connector-java-5.1.13-bin.jar:C:\Program Files\NetBeans 7.1\java\modules\ext\hibernate\ejb3-persistence.jar:dependencies/afternoon-1.0.8.jar:dependencies/primefaces.jar:dependencies\c3p0-0.9.1.2.jar:dependencies\junit-dep-4.11-SNAPSHOT-20120805-1225.jar:C:\Users\Moises\Documents\GitHub\PaperGenerator\PaperGenerator2\dependencies\itextpdf-5.3.4.jar:build/web/WEB-INF/classes:C:\Program Files\NetBeans 7.1\platform\modules\ext\junit-4.10.jar:build/test/classes" />
    <property name="ant.project.invoked-targets" value="test" />
    <property name="libs.swing-layout.javadoc" value="C:\Program Files\NetBeans 7.1\platform\docs\swing-layout-1.0.4-doc.zip" />
    <property name="libs.ejb3-persistence.maven-pom" value="" />
    <property name="jspc.schemas" value="/resources/schemas/" />
    <property name="libs.DataBindingME-SVG.classpath" value="C:\Program Files\NetBeans 7.1\mobility\modules\ext\netbeans_databindingme_svg.jar" />
    <property name="libs.PostgreSQLDriver.maven-pom" value="" />
    <property name="java.class.version" value="51.0" />
    <property name="libs.javaee-endorsed-api-6.0.src" value="" />
    <property name="libs.cdc-ant-utils.classpath" value="C:\Program Files\NetBeans 7.1\mobility\modules\ext\org-netbeans-modules-j2me-cdc-project.jar" />
    <property name="netbeans.system_http_proxy" value="DIRECT" />
    <property name="libs.eclipselink.javadoc" value="" />
    <property name="libs.NetBeans MIDP Components WMA.maven-pom" value="" />
    <property name="libs.jsp-compilation.maven-pom" value="" />
    <property name="user.properties.file" value="C:\Users\Moises\.netbeans\7.1\build.properties" />
    <property name="build.web.dir" value="build/web" />
    <property name="libs.spring-framework.src" value="" />
    <property name="libs.javac-api.maven-pom" value="" />
    <property name="file.encoding.pkg" value="sun.io" />
    <property name="sun.cpu.endian" value="little" />
    <property name="libs.JAXB-ENDORSED.javadoc" value="" />
    <property name="libs.JWSAntTasks.classpath" value="C:\Program Files\NetBeans 7.1\java\ant\extra\org-netbeans-modules-javawebstart-anttasks.jar" />
    <property name="libs.spring-framework300.src" value="" />
    <property name="libs.ant-contrib.classpath" value="C:\Program Files\NetBeans 7.1\mobility\modules\ext\ant-contrib-1.0b3.jar" />
    <property name="file.reference.derbyclient.jar" value="D:\GitHub\PaperGenerator\PaperGenerator2\dependencies\derbyclient-10.5.3.0.jar" />
    <property name="auxiliary.org-netbeans-modules-projectapi.jsf_2e_language" value="Facelets" />
    <property name="empty.dir" value="C:\Users\Moises\Documents\GitHub\PaperGenerator\PaperGenerator2\build\empty" />
    <property name="display.browser" value="true" />
    <property name="version-output" value="java version &quot;1.7" />
    <property name="javadoc.preview" value="true" />
    <property name="nbplatform.default.harness.dir" value="C:\Program Files\NetBeans 7.1/harness" />
    <property name="java.home" value="C:\Program Files\Java\jdk1.7.0_02\jre" />
    <property name="libs.ojec-ant-utils.javadoc" value="" />
    <property name="libs.jsp-compilation.src" value="" />
    <property name="libs.spring-webmvc.src" value="" />
    <property name="libs.ant-contrib.javadoc" value="" />
    <property name="debug.test.classpath" value="C:\Program Files\NetBeans 7.1\enterprise\modules\ext\jsf-2_1\jsf-api.jar;C:\Program Files\NetBeans 7.1\enterprise\modules\ext\jsf-2_1\jsf-impl.jar:C:\Program Files\NetBeans 7.1\enterprise\modules\ext\standard.jar;C:\Program Files\NetBeans 7.1\enterprise\modules\ext\jstl.jar:C:\Program Files\NetBeans 7.1\java\modules\ext\hibernate\antlr-2.7.6.jar;C:\Program Files\NetBeans 7.1\java\modules\ext\hibernate\asm.jar;C:\Program Files\NetBeans 7.1\java\modules\ext\hibernate\asm-attrs.jar;C:\Program Files\NetBeans 7.1\java\modules\ext\hibernate\cglib-2.1.3.jar;C:\Program Files\NetBeans 7.1\java\modules\ext\hibernate\commons-collections-2.1.1.jar;C:\Program Files\NetBeans 7.1\ide\modules\org-apache-commons-logging.jar;C:\Program Files\NetBeans 7.1\java\modules\ext\hibernate\dom4j-1.6.1.jar;C:\Program Files\NetBeans 7.1\java\modules\ext\hibernate\ehcache-1.2.3.jar;C:\Program Files\NetBeans 7.1\java\modules\ext\hibernate\jdbc2_0-stdext.jar;C:\Program Files\NetBeans 7.1\java\modules\ext\hibernate\jta.jar;C:\Program Files\NetBeans 7.1\java\modules\ext\hibernate\hibernate3.jar;C:\Program Files\NetBeans 7.1\java\modules\ext\hibernate\hibernate-tools.jar;C:\Program Files\NetBeans 7.1\java\modules\ext\hibernate\hibernate-annotations.jar;C:\Program Files\NetBeans 7.1\java\modules\ext\hibernate\hibernate-commons-annotations.jar;C:\Program Files\NetBeans 7.1\java\modules\ext\hibernate\hibernate-entitymanager.jar;C:\Program Files\NetBeans 7.1\java\modules\ext\hibernate\javassist.jar:mysql-connector-java-5.1.13-bin.jar:C:\Program Files\NetBeans 7.1\java\modules\ext\hibernate\ejb3-persistence.jar:dependencies/afternoon-1.0.8.jar:dependencies/primefaces.jar:dependencies\c3p0-0.9.1.2.jar:dependencies\junit-dep-4.11-SNAPSHOT-20120805-1225.jar:C:\Users\Moises\Documents\GitHub\PaperGenerator\PaperGenerator2\dependencies\itextpdf-5.3.4.jar:build/web/WEB-INF/classes:C:\Program Files\NetBeans 7.1\platform\modules\ext\junit-4.10.jar:build/test/classes" />
    <property name="libs.javaee-endorsed-api-6.0.classpath" value="C:\Program Files\NetBeans 7.1\enterprise\modules\ext\javaee6-endorsed\javax.annotation.jar;C:\Program Files\NetBeans 7.1\enterprise\modules\ext\javaee6-endorsed\jaxb-api-osgi.jar;C:\Program Files\NetBeans 7.1\enterprise\modules\ext\javaee6-endorsed\webservices-api-osgi.jar" />
    <property name="libs.javaee-api-6.0.src" value="" />
    <property name="netbeans.importclass" value="org.netbeans.upgrade.AutoUpgrade" />
    <property name="ant.project.default-target" value="default" />
    <property name="annotation.processing.run.all.processors" value="true" />
    <property name="libs.savaje-ant-utils.classpath" value="C:\Program Files\NetBeans 7.1\mobility\modules\ext\org-netbeans-modules-j2me-cdc-project-savaje.jar" />
    <property name="libs.toplink.maven-pom" value="" />
    <property name="libs.DataBindingME.maven-pom" value="" />
    <property name="libs.PostgreSQLDriver.javadoc" value="" />
    <property name="libs.restlib.classpath" value="C:\Program Files\NetBeans 7.1\enterprise\modules\ext\rest\asm-3.1.jar;C:\Program Files\NetBeans 7.1\enterprise\modules\ext\rest\jackson-core-asl-1.7.1.jar;C:\Program Files\NetBeans 7.1\enterprise\modules\ext\rest\jackson-jaxrs-1.7.1.jar;C:\Program Files\NetBeans 7.1\enterprise\modules\ext\rest\jackson-mapper-asl-1.7.1.jar;C:\Program Files\NetBeans 7.1\enterprise\modules\ext\rest\jackson-xc-1.7.1.jar;C:\Program Files\NetBeans 7.1\enterprise\modules\ext\rest\jersey-apache-client-1.8.jar;C:\Program Files\NetBeans 7.1\enterprise\modules\ext\rest\jersey-atom-abdera-1.8.jar;C:\Program Files\NetBeans 7.1\enterprise\modules\ext\rest\jersey-client-1.8.jar;C:\Program Files\NetBeans 7.1\enterprise\modules\ext\rest\jersey-core-1.8.jar;C:\Program Files\NetBeans 7.1\enterprise\modules\ext\rest\jersey-guice-1.8.jar;C:\Program Files\NetBeans 7.1\enterprise\modules\ext\rest\jersey-json-1.8.jar;C:\Program Files\NetBeans 7.1\enterprise\modules\ext\rest\jersey-multipart-1.8.jar;C:\Program Files\NetBeans 7.1\enterprise\modules\ext\rest\jersey-server-1.8.jar;C:\Program Files\NetBeans 7.1\enterprise\modules\ext\rest\jersey-simple-server-1.8.jar;C:\Program Files\NetBeans 7.1\enterprise\modules\ext\rest\jersey-spring-1.8.jar;C:\Program Files\NetBeans 7.1\enterprise\modules\ext\rest\jettison-1.1.jar;C:\Program Files\NetBeans 7.1\enterprise\modules\ext\rest\oauth-client-1.8.jar;C:\Program Files\NetBeans 7.1\enterprise\modules\ext\rest\oauth-server-1.8.jar;C:\Program Files\NetBeans 7.1\enterprise\modules\ext\rest\oauth-signature-1.8.jar;C:\Program Files\NetBeans 7.1\ide\modules\ext\jaxb\activation.jar;C:\Program Files\NetBeans 7.1\ide\modules\ext\jaxb\api\jaxb-api.jar;C:\Program Files\NetBeans 7.1\ide\modules\ext\jaxb\api\jsr173_api.jar" />
    <property name="libs.JMUnit4CLDC11.javadoc" value="C:\Program Files\NetBeans 7.1\mobility\modules\docs\jmunit-1.2.1-api.zip" />
    <property name="libs.MySQLDriver.maven-pom" value="" />
    <property name="libs.savaje-ant-utils.src" value="" />
    <property name="libs.junit_4.javadoc" value="C:\Program Files\NetBeans 7.1\java\docs\junit-4.10-javadoc.jar" />
    <property name="libs.spring-webmvc.javadoc" value="" />
    <property name="libs.toplink.src" value="" />
    <property name="libs.EclipseLink-GlassFish-v3.maven-pom" value="" />
    <property name="libs.javaee-web-api-6.0.maven-pom" value="" />
    <property name="libs.cdc-pp-awt-layout.classpath" value="C:\Program Files\NetBeans 7.1\mobility\modules\ext\cdc-pp-awt-layout.jar" />
    <property name="j2ee.deploy.on.save" value="true" />
    <property name="libs.cdc-agui-swing-layout.src" value="C:\Program Files\NetBeans 7.1\mobility\sources\cdc-agui-swing-layout-src.zip" />
    <property name="libs.hibernate-support.src" value="" />
    <property name="libs.javaee-endorsed-api-6.0.javadoc" value="C:\Program Files\NetBeans 7.1\enterprise\docs\javaee6-doc-api.zip" />
    <property name="libs.JMUnit4CLDC11.classpath" value="C:\Program Files\NetBeans 7.1\mobility\modules\ext\jmunit4cldc11-1.2.1.jar" />
    <property name="libs.nb_svg_midp_components.classpath" value="C:\Program Files\NetBeans 7.1\mobility\modules\ext\nb_svg_midp_components.jar" />
    <property name="libs.spring-webmvc3.0.javadoc" value="" />
    <property name="annotation.processing.enabled.in.editor" value="true" />
    <property name="libs.NetBeans MIDP Components PDA.classpath" value="C:\Program Files\NetBeans 7.1\mobility\modules\ext\netbeans_midp_components_pda.jar" />
    <property name="libs.semc-ant-utils.maven-pom" value="" />
    <property name="libs.nokiadeployment.maven-pom" value="" />
    <property name="libs.restapi.src" value="" />
    <property name="libs.NetBeans MIDP Components.javadoc" value="C:\Program Files\NetBeans 7.1\mobility\modules\docs\netbeans_midp_components_basic-api.zip" />
    <property name="sun.management.compiler" value="HotSpot 64-Bit Tiered Compilers" />
    <property name="javac.deprecation" value="false" />
    <property name="javadoc.use" value="true" />
    <property name="client.urlPart" value="" />
    <property name="sun.java2d.noddraw" value="true" />
    <property name="libs.jsp-compiler.classpath" value="C:\Program Files\NetBeans 7.1\enterprise\ant\extra\jspcompile.jar" />
    <property name="dist.ear.war" value="dist/PaperGenerator2.war" />
    <property name="javac.processorpath" value="C:\Program Files\NetBeans 7.1\enterprise\modules\ext\jsf-2_1\jsf-api.jar;C:\Program Files\NetBeans 7.1\enterprise\modules\ext\jsf-2_1\jsf-impl.jar:C:\Program Files\NetBeans 7.1\enterprise\modules\ext\standard.jar;C:\Program Files\NetBeans 7.1\enterprise\modules\ext\jstl.jar:C:\Program Files\NetBeans 7.1\java\modules\ext\hibernate\antlr-2.7.6.jar;C:\Program Files\NetBeans 7.1\java\modules\ext\hibernate\asm.jar;C:\Program Files\NetBeans 7.1\java\modules\ext\hibernate\asm-attrs.jar;C:\Program Files\NetBeans 7.1\java\modules\ext\hibernate\cglib-2.1.3.jar;C:\Program Files\NetBeans 7.1\java\modules\ext\hibernate\commons-collections-2.1.1.jar;C:\Program Files\NetBeans 7.1\ide\modules\org-apache-commons-logging.jar;C:\Program Files\NetBeans 7.1\java\modules\ext\hibernate\dom4j-1.6.1.jar;C:\Program Files\NetBeans 7.1\java\modules\ext\hibernate\ehcache-1.2.3.jar;C:\Program Files\NetBeans 7.1\java\modules\ext\hibernate\jdbc2_0-stdext.jar;C:\Program Files\NetBeans 7.1\java\modules\ext\hibernate\jta.jar;C:\Program Files\NetBeans 7.1\java\modules\ext\hibernate\hibernate3.jar;C:\Program Files\NetBeans 7.1\java\modules\ext\hibernate\hibernate-tools.jar;C:\Program Files\NetBeans 7.1\java\modules\ext\hibernate\hibernate-annotations.jar;C:\Program Files\NetBeans 7.1\java\modules\ext\hibernate\hibernate-commons-annotations.jar;C:\Program Files\NetBeans 7.1\java\modules\ext\hibernate\hibernate-entitymanager.jar;C:\Program Files\NetBeans 7.1\java\modules\ext\hibernate\javassist.jar:mysql-connector-java-5.1.13-bin.jar:C:\Program Files\NetBeans 7.1\java\modules\ext\hibernate\ejb3-persistence.jar:dependencies/afternoon-1.0.8.jar:dependencies/primefaces.jar:dependencies\c3p0-0.9.1.2.jar:dependencies\junit-dep-4.11-SNAPSHOT-20120805-1225.jar:C:\Users\Moises\Documents\GitHub\PaperGenerator\PaperGenerator2\dependencies\itextpdf-5.3.4.jar" />
    <property name="libs.spring-webmvc.classpath" value="C:\Program Files\NetBeans 7.1\enterprise\modules\ext\spring\spring-webmvc-2.5.6.SEC01.jar" />
    <property name="javac.compilerargs" value="" />
    <property name="svnkit.http.methods" value="Basic" />
    <property name="ant.file" value="C:\Users\Moises\Documents\GitHub\PaperGenerator\PaperGenerator2\build.xml" />
    <property name="libs.beans-binding.maven-pom" value="" />
    <property name="libs.jsf12.classpath" value="C:\Program Files\NetBeans 7.1\enterprise\modules\ext\jsf-1_2\commons-beanutils.jar;C:\Program Files\NetBeans 7.1\enterprise\modules\ext\jsf-1_2\commons-collections.jar;C:\Program Files\NetBeans 7.1\enterprise\modules\ext\jsf-1_2\commons-digester.jar;C:\Program Files\NetBeans 7.1\enterprise\modules\ext\jsf-1_2\commons-logging.jar;C:\Program Files\NetBeans 7.1\enterprise\modules\ext\jsf-1_2\jsf-api.jar;C:\Program Files\NetBeans 7.1\enterprise\modules\ext\jsf-1_2\jsf-impl.jar" />
    <property name="file.reference.mysql-connector-java-5.1.13-bin.jar" value="mysql-connector-java-5.1.13-bin.jar" />
    <property name="has.custom.manifest" value="true" />
    <property name="libs.restapi.maven-pom" value="" />
    <property name="libs.beans-binding.src" value="" />
    <property name="libs.NetBeans MIDP Components PDA.javadoc" value="C:\Program Files\NetBeans 7.1\mobility\modules\docs\netbeans_midp_components_pda-api.zip" />
    <property name="java.vm.specification.vendor" value="Oracle Corporation" />
    <property name="libs.DataBindingME-PIM.javadoc" value="C:\Program Files\NetBeans 7.1\mobility\modules\docs\netbeans_databindingme_pim-api.zip" />
    <property name="libs.swing-layout.src" value="C:\Program Files\NetBeans 7.1\platform\docs\swing-layout-1.0.4-src.zip" />
    <property name="libs.Java-EE-GlassFish-v3.embedabbleejb" value="" />
    <property name="libs.j2me_ant_ext.src" value="" />
    <property name="org.openide.major.version" value="IDE/1" />
    <property name="java.vm.name" value="Java HotSpot(TM) 64-Bit Server VM" />
    <property name="do.display.browser.debug" value="true" />
    <property name="netbeans.user" value="C:\Users\Moises\.netbeans\7.1" />
    <property name="tests.failed" value="true" />
    <property name="javadoc.additionalparam" value="" />
    <property name="java.io.tmpdir" value="C:\Users\Moises\AppData\Local\Temp\" />
    <property name="java.vendor.url" value="http://java.oracle.com/" />
    <property name="endorsed.classpath.cmd.line.arg" value="-Xbootclasspath/p:&apos;C:\Program Files\NetBeans 7.1\enterprise\modules\ext\javaee6-endorsed\javax.annotation.jar;C:\Program Files\NetBeans 7.1\enterprise\modules\ext\javaee6-endorsed\jaxb-api-osgi.jar;C:\Program Files\NetBeans 7.1\enterprise\modules\ext\javaee6-endorsed\webservices-api-osgi.jar&apos;" />
    <property name="junit.available" value="true" />
    <property name="compile.jsps" value="false" />
    <property name="libs.jsp-compiler.src" value="" />
    <property name="org.openide.awt.ActionReference.completion" value="org.netbeans.modules.apisupport.project.layers.PathCompletions" />
    <property name="deploy.ant.properties.file" value="C:\Users\Moises\.netbeans\7.1\tomcat70.properties" />
    <property name="have.sources" value="true" />
    <property name="sun.boot.library.path" value="C:\Program Files\Java\jdk1.7.0_02\jre\bin" />
    <property name="war.name" value="PaperGenerator2.war" />
    <property name="debug.classpath" value="build/web/WEB-INF/classes:C:\Program Files\NetBeans 7.1\enterprise\modules\ext\jsf-2_1\jsf-api.jar;C:\Program Files\NetBeans 7.1\enterprise\modules\ext\jsf-2_1\jsf-impl.jar:C:\Program Files\NetBeans 7.1\enterprise\modules\ext\standard.jar;C:\Program Files\NetBeans 7.1\enterprise\modules\ext\jstl.jar:C:\Program Files\NetBeans 7.1\java\modules\ext\hibernate\antlr-2.7.6.jar;C:\Program Files\NetBeans 7.1\java\modules\ext\hibernate\asm.jar;C:\Program Files\NetBeans 7.1\java\modules\ext\hibernate\asm-attrs.jar;C:\Program Files\NetBeans 7.1\java\modules\ext\hibernate\cglib-2.1.3.jar;C:\Program Files\NetBeans 7.1\java\modules\ext\hibernate\commons-collections-2.1.1.jar;C:\Program Files\NetBeans 7.1\ide\modules\org-apache-commons-logging.jar;C:\Program Files\NetBeans 7.1\java\modules\ext\hibernate\dom4j-1.6.1.jar;C:\Program Files\NetBeans 7.1\java\modules\ext\hibernate\ehcache-1.2.3.jar;C:\Program Files\NetBeans 7.1\java\modules\ext\hibernate\jdbc2_0-stdext.jar;C:\Program Files\NetBeans 7.1\java\modules\ext\hibernate\jta.jar;C:\Program Files\NetBeans 7.1\java\modules\ext\hibernate\hibernate3.jar;C:\Program Files\NetBeans 7.1\java\modules\ext\hibernate\hibernate-tools.jar;C:\Program Files\NetBeans 7.1\java\modules\ext\hibernate\hibernate-annotations.jar;C:\Program Files\NetBeans 7.1\java\modules\ext\hibernate\hibernate-commons-annotations.jar;C:\Program Files\NetBeans 7.1\java\modules\ext\hibernate\hibernate-entitymanager.jar;C:\Program Files\NetBeans 7.1\java\modules\ext\hibernate\javassist.jar:mysql-connector-java-5.1.13-bin.jar:C:\Program Files\NetBeans 7.1\java\modules\ext\hibernate\ejb3-persistence.jar:dependencies/afternoon-1.0.8.jar:dependencies/primefaces.jar:dependencies\c3p0-0.9.1.2.jar:dependencies\junit-dep-4.11-SNAPSHOT-20120805-1225.jar:C:\Users\Moises\Documents\GitHub\PaperGenerator\PaperGenerator2\dependencies\itextpdf-5.3.4.jar" />
    <property name="javadoc.private" value="false" />
    <property name="test.src.dir" value="test" />
    <property name="libs.jsf20.classpath" value="C:\Program Files\NetBeans 7.1\enterprise\modules\ext\jsf-2_1\jsf-api.jar;C:\Program Files\NetBeans 7.1\enterprise\modules\ext\jsf-2_1\jsf-impl.jar" />
    <property name="ap.processors.internal" value="" />
    <property name="javadoc.encoding.used" value="UTF-8" />
    <property name="libs.DataBindingME-SVG.src" value="C:\Program Files\NetBeans 7.1\mobility\sources\netbeans_databindingme_svg-src.zip" />
    <property name="ant.file.PaperGenerator2-impl" value="C:\Users\Moises\Documents\GitHub\PaperGenerator\PaperGenerator2\nbproject\build-impl.xml" />
    <property name="java.runtime.name" value="Java(TM) SE Runtime Environment" />
    <property name="libs.PrimeFaces_3.3.src" value="" />
    <property name="ant.project.name" value="PaperGenerator2" />
    <property name="netbeans.hash.code" value="unique=NB_CND_GFMOD_GROOVY_JAVA_JC_MOB_PHP_WEBEE0154b514f-3b5a-4b3d-b8b6-e7b94285f24b_7999af9b-140e-43e2-a94d-5e8e7d74ca98" />
    <property name="libs.jsp-compilation-syscp.maven-pom" value="" />
    <property name="libs.j2me_ant_ext.maven-pom" value="" />
    <property name="sun.cpu.isalist" value="amd64" />
    <property name="libs.CopyLibs.javadoc" value="" />
    <property name="j2ee.server.domain" value="C:/Users/Moises/.netbeans/7.1/apache-tomcat-7.0.22.0_base" />
    <property name="org.openide.specification.version" value="6.2" />
    <property name="j2ee.server.home" value="C:/Program Files/Apache Software Foundation/Apache Tomcat 7.0.22" />
    <property name="libs.DataBindingME-PIM.classpath" value="C:\Program Files\NetBeans 7.1\mobility\modules\ext\netbeans_databindingme_pim.jar" />
    <property name="libs.hibernate-support.classpath" value="C:\Program Files\NetBeans 7.1\java\modules\ext\hibernate\antlr-2.7.6.jar;C:\Program Files\NetBeans 7.1\java\modules\ext\hibernate\asm.jar;C:\Program Files\NetBeans 7.1\java\modules\ext\hibernate\asm-attrs.jar;C:\Program Files\NetBeans 7.1\java\modules\ext\hibernate\cglib-2.1.3.jar;C:\Program Files\NetBeans 7.1\java\modules\ext\hibernate\commons-collections-2.1.1.jar;C:\Program Files\NetBeans 7.1\ide\modules\org-apache-commons-logging.jar;C:\Program Files\NetBeans 7.1\java\modules\ext\hibernate\dom4j-1.6.1.jar;C:\Program Files\NetBeans 7.1\java\modules\ext\hibernate\ehcache-1.2.3.jar;C:\Program Files\NetBeans 7.1\java\modules\ext\hibernate\jdbc2_0-stdext.jar;C:\Program Files\NetBeans 7.1\java\modules\ext\hibernate\jta.jar;C:\Program Files\NetBeans 7.1\java\modules\ext\hibernate\hibernate3.jar;C:\Program Files\NetBeans 7.1\java\modules\ext\hibernate\hibernate-tools.jar;C:\Program Files\NetBeans 7.1\java\modules\ext\hibernate\hibernate-annotations.jar;C:\Program Files\NetBeans 7.1\java\modules\ext\hibernate\hibernate-commons-annotations.jar;C:\Program Files\NetBeans 7.1\java\modules\ext\hibernate\hibernate-entitymanager.jar;C:\Program Files\NetBeans 7.1\java\modules\ext\hibernate\javassist.jar" />
    <property name="user.home" value="C:\Users\Moises" />
    <property name="annotation.processing.processors.list" value="" />
    <property name="debug-args-line" value="-Xdebug" />
    <property name="libs.primefaces.maven-pom" value="" />
    <property name="libs.NetBeans MIDP Components.classpath" value="C:\Program Files\NetBeans 7.1\mobility\modules\ext\netbeans_midp_components_basic.jar" />
    <property name="libs.javaee-api-6.0.maven-pom" value="" />
    <property name="libs.JWSAntTasks.src" value="" />
    <property name="libs.CopyLibs.maven-pom" value="" />
    <property name="libs.absolutelayout.javadoc" value="" />
    <property name="libs.hibernate-persistence.maven-pom" value="" />
    <property name="libs.spring-framework300.javadoc" value="" />
    <property name="java.specification.name" value="Java Platform API Specification" />
    <property name="nu.validator.spec.microsyntax-descriptions" value="jar:file:/C:/Program%20Files/NetBeans%207.1/ide/modules/ext/validator.jar!/nu/validator/localentities/files/wiki_whatwg_org_wiki_MicrosyntaxDescriptions" />
    <property name="no.dist.ear.dir" value="true" />
    <property name="libs.NetBeans MIDP Components WMA.classpath" value="C:\Program Files\NetBeans 7.1\mobility\modules\ext\netbeans_midp_components_wma.jar" />
    <property name="libs.jakarta_slide_ant_webdav.maven-pom" value="" />
    <property name="file.reference.afternoon-1.0.8.jar" value="dependencies/afternoon-1.0.8.jar" />
    <property name="libs.sjmc-ant-utils.src" value="" />
    <property name="java.specification.vendor" value="Oracle Corporation" />
    <property name="libs.cdc-agui-swing-layout.javadoc" value="" />
    <property name="libs.javac-api.classpath" value="C:\Program Files\NetBeans 7.1\java\modules\ext\javac-api-nb-7.0-b07.jar" />
    <property name="java.version" value="1.7.0_02" />
    <property name="libs.nokiaS80-ant-utils.classpath" value="C:\Program Files\NetBeans 7.1\mobility\modules\ext\org-netbeans-modules-j2me-cdc-project-nokiaS80.jar" />
    <property name="libs.NetBeans MIDP Components WMA.javadoc" value="C:\Program Files\NetBeans 7.1\mobility\modules\docs\netbeans_midp_components_wma-api.zip" />
    <property name="run.jvmargs.ide" value="" />
    <property name="javadoc.version" value="false" />
    <property name="libs.MySQLDriver.javadoc" value="" />
    <property name="org.openide.version" value="deprecated" />
    <property name="libs.restlib_gfv3ee6.maven-pom" value="" />
    <property name="source.encoding" value="UTF-8" />
    <property name="ant.file.PaperGenerator2" value="C:\Users\Moises\Documents\GitHub\PaperGenerator\PaperGenerator2\build.xml" />
    <property name="ap.cmd.line.internal" value="" />
    <property name="libs.eclipselinkmodelgen.maven-pom" value="" />
    <property name="libs.jsp-compilation-syscp.javadoc" value="" />
    <property name="libs.junit.maven-pom" value="" />
    <property name="libs.eclipselinkmodelgen.javadoc" value="" />
    <property name="libs.metro.javadoc" value="C:\Program Files\NetBeans 7.1\enterprise\docs\metro-1.4-doc.zip" />
    <property name="libs.struts.maven-pom" value="" />
    <property name="netbeans.home+have.tests" value="true" />
    <property name="libs.jaxb.src" value="" />
    <property name="libs.Java-EE-GlassFish-v3.wsgenerate" value="" />
    <property name="libs.cdc-ant-utils.src" value="" />
    <property name="libs.jaxb.classpath" value="C:\Program Files\NetBeans 7.1\ide\modules\ext\jaxb\jaxb-impl.jar;C:\Program Files\NetBeans 7.1\ide\modules\ext\jaxb\jaxb-xjc.jar;C:\Program Files\NetBeans 7.1\ide\modules\ext\jaxb\jaxb1-impl.jar;C:\Program Files\NetBeans 7.1\ide\modules\ext\jaxb\activation.jar;C:\Program Files\NetBeans 7.1\ide\modules\ext\jaxb\api\jaxb-api.jar;C:\Program Files\NetBeans 7.1\ide\modules\ext\jaxb\api\jsr173_api.jar" />
    <property name="dist.javadoc.dir" value="dist/javadoc" />
    <property name="libs.spring-webmvc3.0.classpath" value="C:\Program Files\NetBeans 7.1\java\modules\ext\spring-3.0\spring-webmvc-3.0.6.RELEASE.jar" />
    <property name="libs.swing-layout.classpath" value="C:\Program Files\NetBeans 7.1\platform\modules\ext\swing-layout-1.0.4.jar" />
    <property name="jspc.dtds" value="/resources/dtds/" />
    <property name="libs.restlib.src" value="" />
    <property name="build.generated.dir" value="build/generated" />
    <property name="javac.source" value="1.6" />
    <property name="line.separator" value="&#xd;&#xa;" />
    <property name="libs.hibernate-persistence.src" value="" />
    <property name="libs.nb_svg_midp_components.javadoc" value="C:\Program Files\NetBeans 7.1\mobility\modules\docs\nb_svg_midp_components-api.zip" />
    <property name="java.specification.version" value="1.7" />
    <property name="java.vm.info" value="mixed mode" />
    <property name="libs.jaxws21.maven-pom" value="" />
    <property name="libs.cdc-ant-utils.javadoc" value="" />
    <property name="nb.junit.batch" value="true" />
    <property name="user.country.format" value="HN" />
    <property name="libs.ojec-ant-utils.classpath" value="C:\Program Files\NetBeans 7.1\mobility\modules\ext\org-netbeans-modules-j2me-cdc-project-ojec.jar" />
    <property name="libs.spring-framework.maven-pom" value="" />
    <property name="sun.boot.class.path" value="C:\Program Files\NetBeans 7.1\enterprise\modules\ext\javaee6-endorsed\javax.annotation.jar;C:\Program Files\NetBeans 7.1\enterprise\modules\ext\javaee6-endorsed\jaxb-api-osgi.jar;C:\Program Files\NetBeans 7.1\enterprise\modules\ext\javaee6-endorsed\webservices-api-osgi.jar;C:\Program Files\Java\jdk1.7.0_02\jre\lib\resources.jar;C:\Program Files\Java\jdk1.7.0_02\jre\lib\rt.jar;C:\Program Files\Java\jdk1.7.0_02\jre\lib\sunrsasign.jar;C:\Program Files\Java\jdk1.7.0_02\jre\lib\jsse.jar;C:\Program Files\Java\jdk1.7.0_02\jre\lib\jce.jar;C:\Program Files\Java\jdk1.7.0_02\jre\lib\charsets.jar;C:\Program Files\Java\jdk1.7.0_02\jre\classes" />
    <property name="file.reference.itextpdf-5.3.4.jar" value="C:\Users\Moises\Documents\GitHub\PaperGenerator\PaperGenerator2\dependencies\itextpdf-5.3.4.jar" />
    <property name="javac.target" value="1.6" />
    <property name="build.test.classes.dir" value="build/test/classes" />
    <property name="src.dir" value="src/java" />
    <property name="sun.awt.keepWorkingSetOnMinimize" value="true" />
    <property name="annotation.processing.enabled" value="true" />
    <property name="libs.jsf20.src" value="" />
    <property name="libs.DataBindingME-SVG.maven-pom" value="" />
    <property name="libs.jsf12.src" value="" />
    <property name="j2ee.platform" value="1.6-web" />
    <property name="libs.nokiadeployment.src" value="" />
    <property name="libs.savaje-ant-utils.javadoc" value="" />
    <property name="nbplatform.default.netbeans.dest.dir" value="C:\Program Files\NetBeans 7.1" />
    <property name="libs.struts.javadoc" value="C:\Program Files\NetBeans 7.1\enterprise\docs\struts-1.3.10-javadoc.zip" />
    <property name="libs.PrimeFaces_3.3.maven-pom" value="" />
    <property name="ignore.failing.tests" value="true" />
    <property name="libs.cdc-ant-utils.maven-pom" value="" />
    <property name="libs.Comet-GlassFish-v3.classpath" value="C:\Program Files\glassfish-3.1.1\glassfish\modules\grizzly-comet.jar" />
    <property name="libs.restlib_gfv3ee6.javadoc" value="C:\Program Files\NetBeans 7.1\enterprise\docs\jsr311-api-1.1.1-javadoc.zip" />
    <property name="web.docbase.dir" value="web" />
    <property name="libs.primefaces.src" value="" />
    <property name="libs.cdc-agui-swing-layout.classpath" value="C:\Program Files\NetBeans 7.1\mobility\modules\ext\cdc-agui-swing-layout.jar" />
    <property name="dist.dir" value="dist" />
    <property name="libs.groovy-all.javadoc" value="" />
    <property name="testng.debug.mode" value="" />
    <property name="javac.fork" value="false" />
    <property name="libs.sjmc-ant-utils.classpath" value="C:\Program Files\NetBeans 7.1\mobility\modules\ext\org-netbeans-modules-j2me-cdc-project-sjmc.jar" />
    <property name="libs.groovy-all.classpath" value="C:\Program Files\NetBeans 7.1\groovy\modules\ext\groovy-all.jar" />
    <property name="libs.JMUnit4CLDC10.classpath" value="C:\Program Files\NetBeans 7.1\mobility\modules\ext\jmunit4cldc10-1.2.1.jar" />
    <property name="java.awt.printerjob" value="sun.awt.windows.WPrinterJob" />
    <property name="default.javac.source" value="1.7" />
    <property name="debug-transport-by-os" value="dt_shmem" />
    <property name="sun.jnu.encoding" value="Cp1252" />
    <property name="libs.MySQLDriver.src" value="" />
    <property name="libs.ant-contrib.maven-pom" value="" />
    <property name="libs.nokiadeployment.javadoc" value="" />
    <property name="java.runtime.version" value="1.7.0_02-b13" />
    <property name="build.test.results.dir" value="build/test/results" />
    <property name="libs.ejb3-persistence.javadoc" value="" />
    <property name="libs.NetBeans MIDP Components.src" value="C:\Program Files\NetBeans 7.1\mobility\sources\netbeans_midp_components_basic-src.zip" />
    <property name="libs.sjmc-ant-utils.javadoc" value="" />
    <property name="do.tmp.war.package.with.custom.manifest" value="true" />
    <property name="default.javac.target" value="1.7" />
    <property name="libs.Java-EE-GlassFish-v3.src" value="" />
    <property name="libs.junit_4.classpath" value="C:\Program Files\NetBeans 7.1\platform\modules\ext\junit-4.10.jar" />
    <property name="user.timezone" value="" />
    <property name="nb.junit.single" value="false" />
    <property name="libs.javaee-endorsed-api-6.0.maven-pom" value="" />
    <property name="libs.ant-contrib.src" value="" />
    <property name="netbeans.dirs" value="C:\Program Files\NetBeans 7.1\nb;C:\Program Files\NetBeans 7.1\ergonomics;C:\Program Files\NetBeans 7.1\ide;C:\Program Files\NetBeans 7.1\java;C:\Program Files\NetBeans 7.1\apisupport;C:\Program Files\NetBeans 7.1\webcommon;C:\Program Files\NetBeans 7.1\websvccommon;C:\Program Files\NetBeans 7.1\enterprise;C:\Program Files\NetBeans 7.1\mobility;C:\Program Files\NetBeans 7.1\profiler;C:\Program Files\NetBeans 7.1\python;C:\Program Files\NetBeans 7.1\php;C:\Program Files\NetBeans 7.1\identity;C:\Program Files\NetBeans 7.1\harness;C:\Program Files\NetBeans 7.1\cnd;C:\Program Files\NetBeans 7.1\dlight;C:\Program Files\NetBeans 7.1\groovy;C:\Program Files\NetBeans 7.1\extra;C:\Program Files\NetBeans 7.1\javacard;C:\Program Files\NetBeans 7.1\javafx" />
    <property name="libs.jsf20.javadoc" value="C:\Program Files\NetBeans 7.1\enterprise\docs\javaee6-doc-api.zip" />
    <property name="java.ext.dirs" value="C:\Program Files\Java\jdk1.7.0_02\jre\lib\ext;C:\windows\Sun\Java\lib\ext" />
    <property name="libs.restlib_gfv3ee6.src" value="" />
    <property name="libs.metro.src" value="" />
    <property name="libs.savaje-ant-utils.maven-pom" value="" />
    <property name="libs.semc-ant-utils.src" value="" />
    <property name="endorsed.classpath" value="C:\Program Files\NetBeans 7.1\enterprise\modules\ext\javaee6-endorsed\javax.annotation.jar;C:\Program Files\NetBeans 7.1\enterprise\modules\ext\javaee6-endorsed\jaxb-api-osgi.jar;C:\Program Files\NetBeans 7.1\enterprise\modules\ext\javaee6-endorsed\webservices-api-osgi.jar" />
    <property name="libs.absolutelayout.classpath" value="C:\Program Files\NetBeans 7.1\java\modules\ext\AbsoluteLayout.jar" />
    <property name="excludes" value="" />
    <property name="libs.metro.classpath" value="C:\Program Files\NetBeans 7.1\ide\modules\ext\jaxb\activation.jar;C:\Program Files\NetBeans 7.1\enterprise\modules\ext\metro\webservices-api.jar;C:\Program Files\NetBeans 7.1\enterprise\modules\ext\metro\webservices-extra-api.jar;C:\Program Files\NetBeans 7.1\enterprise\modules\ext\metro\webservices-extra.jar;C:\Program Files\NetBeans 7.1\enterprise\modules\ext\metro\webservices-rt.jar;C:\Program Files\NetBeans 7.1\enterprise\modules\ext\metro\webservices-tools.jar" />
    <property name="libs.restlib.maven-pom" value="" />
    <property name="libs.DataBindingME.javadoc" value="C:\Program Files\NetBeans 7.1\mobility\modules\docs\netbeans_databindingme-api.zip" />
    <property name="apple.laf.useScreenMenuBar" value="true" />
    <property name="java.class.path" value="C:\Program Files\NetBeans 7.1\enterprise\modules\ext\jsf-2_1\jsf-api.jar;C:\Program Files\NetBeans 7.1\enterprise\modules\ext\jsf-2_1\jsf-impl.jar;C:\Program Files\NetBeans 7.1\enterprise\modules\ext\standard.jar;C:\Program Files\NetBeans 7.1\enterprise\modules\ext\jstl.jar;C:\Program Files\NetBeans 7.1\java\modules\ext\hibernate\antlr-2.7.6.jar;C:\Program Files\NetBeans 7.1\java\modules\ext\hibernate\asm.jar;C:\Program Files\NetBeans 7.1\java\modules\ext\hibernate\asm-attrs.jar;C:\Program Files\NetBeans 7.1\java\modules\ext\hibernate\cglib-2.1.3.jar;C:\Program Files\NetBeans 7.1\java\modules\ext\hibernate\commons-collections-2.1.1.jar;C:\Program Files\NetBeans 7.1\ide\modules\org-apache-commons-logging.jar;C:\Program Files\NetBeans 7.1\java\modules\ext\hibernate\dom4j-1.6.1.jar;C:\Program Files\NetBeans 7.1\java\modules\ext\hibernate\ehcache-1.2.3.jar;C:\Program Files\NetBeans 7.1\java\modules\ext\hibernate\jdbc2_0-stdext.jar;C:\Program Files\NetBeans 7.1\java\modules\ext\hibernate\jta.jar;C:\Program Files\NetBeans 7.1\java\modules\ext\hibernate\hibernate3.jar;C:\Program Files\NetBeans 7.1\java\modules\ext\hibernate\hibernate-tools.jar;C:\Program Files\NetBeans 7.1\java\modules\ext\hibernate\hibernate-annotations.jar;C:\Program Files\NetBeans 7.1\java\modules\ext\hibernate\hibernate-commons-annotations.jar;C:\Program Files\NetBeans 7.1\java\modules\ext\hibernate\hibernate-entitymanager.jar;C:\Program Files\NetBeans 7.1\java\modules\ext\hibernate\javassist.jar;C:\Users\Moises\Documents\GitHub\PaperGenerator\PaperGenerator2\mysql-connector-java-5.1.13-bin.jar;C:\Program Files\NetBeans 7.1\java\modules\ext\hibernate\ejb3-persistence.jar;C:\Users\Moises\Documents\GitHub\PaperGenerator\PaperGenerator2\dependencies\afternoon-1.0.8.jar;C:\Users\Moises\Documents\GitHub\PaperGenerator\PaperGenerator2\dependencies\primefaces.jar;C:\Users\Moises\Documents\GitHub\PaperGenerator\PaperGenerator2\dependencies\c3p0-0.9.1.2.jar;C:\Users\Moises\Documents\GitHub\PaperGenerator\PaperGenerator2\dependencies\junit-dep-4.11-SNAPSHOT-20120805-1225.jar;C:\Users\Moises\Documents\GitHub\PaperGenerator\PaperGenerator2\dependencies\itextpdf-5.3.4.jar;C:\Users\Moises\Documents\GitHub\PaperGenerator\PaperGenerator2\build\web\WEB-INF\classes;C:\Program Files\NetBeans 7.1\platform\modules\ext\junit-4.10.jar;C:\Users\Moises\Documents\GitHub\PaperGenerator\PaperGenerator2\build\test\classes;C:\Program Files\Apache Software Foundation\Apache Tomcat 7.0.22\lib\annotations-api.jar;C:\Program Files\Apache Software Foundation\Apache Tomcat 7.0.22\lib\catalina-ant.jar;C:\Program Files\Apache Software Foundation\Apache Tomcat 7.0.22\lib\catalina-ha.jar;C:\Program Files\Apache Software Foundation\Apache Tomcat 7.0.22\lib\catalina-tribes.jar;C:\Program Files\Apache Software Foundation\Apache Tomcat 7.0.22\lib\catalina.jar;C:\Program Files\Apache Software Foundation\Apache Tomcat 7.0.22\lib\ecj-3.7.jar;C:\Program Files\Apache Software Foundation\Apache Tomcat 7.0.22\lib\el-api.jar;C:\Program Files\Apache Software Foundation\Apache Tomcat 7.0.22\lib\jasper-el.jar;C:\Program Files\Apache Software Foundation\Apache Tomcat 7.0.22\lib\jasper.jar;C:\Program Files\Apache Software Foundation\Apache Tomcat 7.0.22\lib\jsp-api.jar;C:\Program Files\Apache Software Foundation\Apache Tomcat 7.0.22\lib\servlet-api.jar;C:\Program Files\Apache Software Foundation\Apache Tomcat 7.0.22\lib\tomcat-api.jar;C:\Program Files\Apache Software Foundation\Apache Tomcat 7.0.22\lib\tomcat-coyote.jar;C:\Program Files\Apache Software Foundation\Apache Tomcat 7.0.22\lib\tomcat-dbcp.jar;C:\Program Files\Apache Software Foundation\Apache Tomcat 7.0.22\lib\tomcat-i18n-es.jar;C:\Program Files\Apache Software Foundation\Apache Tomcat 7.0.22\lib\tomcat-i18n-fr.jar;C:\Program Files\Apache Software Foundation\Apache Tomcat 7.0.22\lib\tomcat-i18n-ja.jar;C:\Program Files\Apache Software Foundation\Apache Tomcat 7.0.22\lib\tomcat-jdbc.jar;C:\Program Files\Apache Software Foundation\Apache Tomcat 7.0.22\lib\tomcat-util.jar;C:\Users\Moises\Documents\GitHub\PaperGenerator\PaperGenerator2;C:\Program Files (x86)\Java\jre6\lib\ext\QTJava.zip;C:\Program Files\NetBeans 7.1\java\ant\lib\ant-launcher.jar;C:\Program Files\NetBeans 7.1\java\ant\lib\ant.jar;C:\Program Files\NetBeans 7.1\java\ant\lib\ant-junit.jar;C:\Program Files\NetBeans 7.1\java\ant\lib\ant-junit4.jar" />
    <property name="libs.absolutelayout.src" value="" />
    <property name="libs.cdc-pp-awt-layout.maven-pom" value="" />
    <property name="j2ee.server.type" value="Tomcat" />
    <property name="os.version" value="6.1" />
    <property name="libs.EclipseLink-GlassFish-v3.javadoc" value="C:\Program Files\NetBeans 7.1\enterprise\docs\javaee6-doc-api.zip" />
    <property name="file.reference.c3p0-0.9.1.2.jar" value="dependencies\c3p0-0.9.1.2.jar" />
    <property name="libs.JMUnit4CLDC11.maven-pom" value="" />
    <property name="sun.awt.enableExtraMouseButtons" value="true" />
    <property name="libs.toplink.javadoc" value="" />
    <property name="sun.desktop" value="windows" />
    <property name="libs.nb_svg_midp_components.maven-pom" value="" />
    <property name="libs.Comet-GlassFish-v3.src" value="" />
    <property name="libs.NetBeans MIDP Components PDA.maven-pom" value="" />
    <property name="libs.restlib.javadoc" value="C:\Program Files\NetBeans 7.1\enterprise\docs\jersey-1.8-javadoc.zip;C:\Program Files\NetBeans 7.1\enterprise\docs\jersey-apache-client-1.8-javadoc.zip;C:\Program Files\NetBeans 7.1\enterprise\docs\jersey-atom-abdera-1.8-javadoc.zip;C:\Program Files\NetBeans 7.1\enterprise\docs\jersey-guice-1.8-javadoc.zip;C:\Program Files\NetBeans 7.1\enterprise\docs\jersey-multipart-1.8-javadoc.zip;C:\Program Files\NetBeans 7.1\enterprise\docs\jersey-simple-server-1.8-javadoc.zip;C:\Program Files\NetBeans 7.1\enterprise\docs\jersey-spring-1.8-javadoc.zip;C:\Program Files\NetBeans 7.1\enterprise\docs\oauth-client-1.8-javadoc.zip;C:\Program Files\NetBeans 7.1\enterprise\docs\oauth-server-1.8-javadoc.zip;C:\Program Files\NetBeans 7.1\enterprise\docs\oauth-signature-1.8-javadoc.zip" />
    <property name="war.content.additional" value="" />
    <property name="libs.JAXB-ENDORSED.classpath" value="C:\Program Files\NetBeans 7.1\ide\modules\ext\jaxb\api\jaxb-api.jar" />
    <property name="j2ee.platform.embeddableejb.classpath" value="" />
    <property name="forceRedeploy" value="false" />
    <property name="libs.eclipselink.classpath" value="C:\Program Files\NetBeans 7.1\java\modules\ext\eclipselink\eclipselink-2.3.0.jar;C:\Program Files\NetBeans 7.1\java\modules\ext\eclipselink\javax.persistence-2.0.jar;C:\Program Files\NetBeans 7.1\java\modules\ext\eclipselink\org.eclipse.persistence.jpa.jpql_1.0.0.jar" />
    <property name="libs.beans-binding.javadoc" value="C:\Program Files\NetBeans 7.1\java\docs\beansbinding-1.2.1-doc.zip" />
    <property name="java.awt.graphicsenv" value="sun.awt.Win32GraphicsEnvironment" />
    <property name="libs.Java-EE-GlassFish-v3.classpath" value="C:\Program Files\glassfish-3.1.1\glassfish\modules\jsf-api.jar;C:\Program Files\glassfish-3.1.1\glassfish\modules\endorsed\jaxb-api-osgi.jar;C:\Program Files\glassfish-3.1.1\glassfish\modules\bean-validator.jar;C:\Program Files\glassfish-3.1.1\glassfish\modules\javax.enterprise.deploy.jar;C:\Program Files\glassfish-3.1.1\glassfish\modules\javax.ejb.jar;C:\Program Files\glassfish-3.1.1\glassfish\modules\javax.transaction.jar;C:\Program Files\glassfish-3.1.1\glassfish\modules\jstl-impl.jar;C:\Program Files\glassfish-3.1.1\glassfish\modules\jsf-impl.jar;C:\Program Files\glassfish-3.1.1\glassfish\modules\javax.management.j2ee.jar;C:\Program Files\glassfish-3.1.1\glassfish\modules\javax.jms.jar;C:\Program Files\glassfish-3.1.1\glassfish\modules\endorsed\javax.annotation.jar;C:\Program Files\glassfish-3.1.1\glassfish\modules\jersey-core.jar;C:\Program Files\glassfish-3.1.1\glassfish\modules\javax.security.jacc.jar;C:\Program Files\glassfish-3.1.1\glassfish\modules\javax.resource.jar;C:\Program Files\glassfish-3.1.1\glassfish\modules\javax.mail.jar;C:\Program Files\glassfish-3.1.1\glassfish\modules\weld-osgi-bundle.jar;C:\Program Files\glassfish-3.1.1\glassfish\modules\jaxb-osgi.jar;C:\Program Files\glassfish-3.1.1\glassfish\modules\javax.servlet.jsp.jar;C:\Program Files\glassfish-3.1.1\glassfish\modules\webservices-osgi.jar;C:\Program Files\glassfish-3.1.1\glassfish\modules\javax.servlet.jsp.jstl.jar;C:\Program Files\glassfish-3.1.1\mq\lib\jaxm-api.jar;C:\Program Files\glassfish-3.1.1\glassfish\modules\javax.security.auth.message.jar;C:\Program Files\glassfish-3.1.1\glassfish\modules\endorsed\webservices-api-osgi.jar;C:\Program Files\glassfish-3.1.1\glassfish\modules\javax.persistence.jar;C:\Program Files\glassfish-3.1.1\glassfish\modules\javax.servlet.jar;C:\Program Files\glassfish-3.1.1\glassfish\modules\web-core.jar;C:\Program Files\glassfish-3.1.1\glassfish\modules\jackson-core-asl.jar;C:\Program Files\glassfish-3.1.1\glassfish\modules\jackson-jaxrs.jar;C:\Program Files\glassfish-3.1.1\glassfish\modules\jackson-mapper-asl.jar;C:\Program Files\glassfish-3.1.1\glassfish\modules\jersey-client.jar;C:\Program Files\glassfish-3.1.1\glassfish\modules\jersey-core.jar;C:\Program Files\glassfish-3.1.1\glassfish\modules\jersey-gf-server.jar;C:\Program Files\glassfish-3.1.1\glassfish\modules\jersey-json.jar;C:\Program Files\glassfish-3.1.1\glassfish\modules\jersey-multipart.jar;C:\Program Files\glassfish-3.1.1\glassfish\modules\jettison.jar;C:\Program Files\glassfish-3.1.1\glassfish\modules\mimepull.jar" />
    <property name="java.vm.vendor" value="Oracle Corporation" />
    <property name="libs.CopyLibs.classpath" value="C:\Program Files\NetBeans 7.1\java\ant\extra\org-netbeans-modules-java-j2seproject-copylibstask.jar" />
    <property name="libs.spring-framework300.classpath" value="C:\Program Files\NetBeans 7.1\ide\modules\org-apache-commons-logging.jar;C:\Program Files\NetBeans 7.1\java\modules\ext\cglib-2.2.jar;C:\Program Files\NetBeans 7.1\java\modules\ext\spring-3.0\spring-aop-3.0.6.RELEASE.jar;C:\Program Files\NetBeans 7.1\java\modules\ext\spring-3.0\spring-asm-3.0.6.RELEASE.jar;C:\Program Files\NetBeans 7.1\java\modules\ext\spring-3.0\spring-aspects-3.0.6.RELEASE.jar;C:\Program Files\NetBeans 7.1\java\modules\ext\spring-3.0\spring-beans-3.0.6.RELEASE.jar;C:\Program Files\NetBeans 7.1\java\modules\ext\spring-3.0\spring-context-3.0.6.RELEASE.jar;C:\Program Files\NetBeans 7.1\java\modules\ext\spring-3.0\spring-context-support-3.0.6.RELEASE.jar;C:\Program Files\NetBeans 7.1\java\modules\ext\spring-3.0\spring-core-3.0.6.RELEASE.jar;C:\Program Files\NetBeans 7.1\java\modules\ext\spring-3.0\spring-expression-3.0.6.RELEASE.jar;C:\Program Files\NetBeans 7.1\java\modules\ext\spring-3.0\spring-instrument-3.0.6.RELEASE.jar;C:\Program Files\NetBeans 7.1\java\modules\ext\spring-3.0\spring-instrument-tomcat-3.0.6.RELEASE.jar;C:\Program Files\NetBeans 7.1\java\modules\ext\spring-3.0\spring-jdbc-3.0.6.RELEASE.jar;C:\Program Files\NetBeans 7.1\java\modules\ext\spring-3.0\spring-jms-3.0.6.RELEASE.jar;C:\Program Files\NetBeans 7.1\java\modules\ext\spring-3.0\spring-orm-3.0.6.RELEASE.jar;C:\Program Files\NetBeans 7.1\java\modules\ext\spring-3.0\spring-oxm-3.0.6.RELEASE.jar;C:\Program Files\NetBeans 7.1\java\modules\ext\spring-3.0\spring-test-3.0.6.RELEASE.jar;C:\Program Files\NetBeans 7.1\java\modules\ext\spring-3.0\spring-tx-3.0.6.RELEASE.jar;C:\Program Files\NetBeans 7.1\java\modules\ext\spring-3.0\spring-web-3.0.6.RELEASE.jar;C:\Program Files\NetBeans 7.1\java\modules\ext\spring-3.0\spring-webmvc-portlet-3.0.6.RELEASE.jar;C:\Program Files\NetBeans 7.1\java\modules\ext\spring-3.0\spring-webmvc-3.0.6.RELEASE.jar;C:\Program Files\NetBeans 7.1\java\modules\ext\spring-3.0\spring-struts-3.0.6.RELEASE.jar" />
    <property name="libs.jsp-compiler.maven-pom" value="" />
    <property name="libs.spring-webmvc.maven-pom" value="" />
    <property name="libs.Java-EE-GlassFish-v3.wsinterop" value="" />
    <property name="libs.ejb3-persistence.classpath" value="C:\Program Files\NetBeans 7.1\java\modules\ext\hibernate\ejb3-persistence.jar" />
    <property name="libs.JAXB-ENDORSED.src" value="" />
    <property name="libs.spring-framework.javadoc" value="" />
    <property name="libs.DataBindingME-PIM.src" value="C:\Program Files\NetBeans 7.1\mobility\sources\netbeans_databindingme_pim-src.zip" />
    <property name="user.script" value="" />
    <property name="libs.PostgreSQLDriver.classpath" value="C:\Program Files\NetBeans 7.1\ide\modules\ext\postgresql-8.3-603.jdbc3.jar" />
    <property name="libs.jsf12.maven-pom" value="" />
    <property name="libs.junit.src" value="" />
    <property name="annotation.processing.source.output" value="build/generated-sources/ap-source-output" />
    <property name="build.dir" value="build" />
    <property name="libs.CopyLibs.src" value="" />
    <property name="libs.jsp-compilation.classpath" value="C:\Program Files\NetBeans 7.1\java\ant\lib\ant.jar;C:\Program Files\NetBeans 7.1\enterprise\modules\ext\servlet3.0-jsp2.2-api.jar;C:\Program Files\NetBeans 7.1\enterprise\modules\ext\glassfish-jspparser-3.0.jar;C:\Program Files\NetBeans 7.1\enterprise\modules\ext\jsf-2_1\jsf-api.jar;C:\Program Files\NetBeans 7.1\enterprise\modules\ext\jstl.jar;C:\Program Files\NetBeans 7.1\java\ant\lib\ant-launcher.jar" />
    <property name="ant.version" value="Apache Ant(TM) version 1.8.2 compiled on December 20 2010" />
    <property name="build.classes.excludes" value="**/*.java,**/*.form" />
    <property name="file.encoding" value="Cp1252" />
    <property name="javadoc.nonavbar" value="false" />
    <property name="jdkBug6558476" value="false" />
    <property name="platform.active" value="default_platform" />
    <property name="awt.toolkit" value="sun.awt.windows.WToolkit" />
    <property name="war.ear.name" value="PaperGenerator2.war" />
  </properties>
  <testcase classname="BL.general.AppSingletonTest" name="testAddMessage" time="0.112" />
  <testcase classname="BL.general.AppSingletonTest" name="testGetIdFromTituloNull" time="0.11" />
  <testcase classname="BL.general.AppSingletonTest" name="testGetResumenNull" time="0.043" />
  <testcase classname="BL.general.AppSingletonTest" name="testGetResumen_Eng" time="0.016" />
  <testcase classname="BL.general.AppSingletonTest" name="testFindPaperNull" time="0.025" />
  <testcase classname="BL.general.AppSingletonTest" name="testGetTituloFromId" time="0.01" />
  <testcase classname="BL.general.AppSingletonTest" name="testGetIdFromTitulo" time="0.007" />
  <testcase classname="BL.general.AppSingletonTest" name="testGetFrasesClave_int" time="0.009" />
  <testcase classname="BL.general.AppSingletonTest" name="testGetPaper_StringNull" time="0.009" />
  <testcase classname="BL.general.AppSingletonTest" name="testGetFrasesClave_intNull" time="0.008" />
  <testcase classname="BL.general.AppSingletonTest" name="testGetTitulosPaper" time="0.005" />
  <testcase classname="BL.general.AppSingletonTest" name="testGetAutores" time="0.011" />
  <testcase classname="BL.general.AppSingletonTest" name="testGetAutoresNull" time="0.069" />
  <testcase classname="BL.general.AppSingletonTest" name="testGetPaper_StringInt" time="0.097" />
  <testcase classname="BL.general.AppSingletonTest" name="testGetPapers_0args" time="0.007" />
  <testcase classname="BL.general.AppSingletonTest" name="testGetPaperBlobNull" time="0.589" />
  <testcase classname="BL.general.AppSingletonTest" name="testGetFrasesClave_StringNull" time="0.205" />
  <testcase classname="BL.general.AppSingletonTest" name="testGetFrasesClave_0args" time="0.009" />
  <testcase classname="BL.general.AppSingletonTest" name="testFindPaper" time="0.013" />
  <testcase classname="BL.general.AppSingletonTest" name="testGetPaper_intNull" time="0.011" />
  <testcase classname="BL.general.AppSingletonTest" name="testGetResumen_EngNull" time="0.009" />
  <testcase classname="BL.general.AppSingletonTest" name="testGetResumen" time="0.008" />
  <testcase classname="BL.general.AppSingletonTest" name="testGetFrasesClave_String" time="0.017" />
  <testcase classname="BL.general.AppSingletonTest" name="testGetTituloFromIdNull" time="0.027" />
  <testcase classname="BL.general.AppSingletonTest" name="testGetPapers_String_String" time="0.019" />
  <testcase classname="BL.general.AppSingletonTest" name="testGetInstance" time="0.001" />
  <system-out><![CDATA[addMessage
getIdFromTitulo
getResumen
getResumen_Eng
findPaper
getTituloFromId
getIdFromTitulo
getFrasesClave
getPaper
getFrasesClave
getTitulosPaper
getAutores
getAutores
getPaper
getPapers
getPaperBlob
getFrasesClave
getFrasesClave
findPaper
getPaper
getResumen_Eng
getResumen
getFrasesClave
getTituloFromId
getPapers
getInstance
]]></system-out>
  <system-err><![CDATA[dic 14, 2012 2:28:23 PM org.hibernate.cfg.annotations.Version <clinit>
INFO: Hibernate Annotations 3.3.1.GA
dic 14, 2012 2:28:23 PM org.hibernate.cfg.Environment <clinit>
INFO: Hibernate 3.2.5
dic 14, 2012 2:28:23 PM org.hibernate.cfg.Environment <clinit>
INFO: hibernate.properties not found
dic 14, 2012 2:28:23 PM org.hibernate.cfg.Environment buildBytecodeProvider
INFO: Bytecode provider name : cglib
dic 14, 2012 2:28:23 PM org.hibernate.cfg.Environment <clinit>
INFO: using JDK 1.4 java.sql.Timestamp handling
dic 14, 2012 2:28:23 PM org.hibernate.cfg.Configuration configure
INFO: configuring from resource: /hibernate.cfg.xml
dic 14, 2012 2:28:23 PM org.hibernate.cfg.Configuration getConfigurationInputStream
INFO: Configuration resource: /hibernate.cfg.xml
dic 14, 2012 2:28:24 PM org.hibernate.cfg.Configuration addResource
INFO: Reading mappings from resource : tablas/TiposTablas.hbm.xml
dic 14, 2012 2:28:25 PM org.hibernate.cfg.Configuration addResource
INFO: Reading mappings from resource : tablas/FrasesClaveXPaper.hbm.xml
dic 14, 2012 2:28:25 PM org.hibernate.cfg.Configuration addResource
INFO: Reading mappings from resource : tablas/Tablas.hbm.xml
dic 14, 2012 2:28:25 PM org.hibernate.cfg.Configuration addResource
INFO: Reading mappings from resource : tablas/ReferenciasBibliograficas.hbm.xml
dic 14, 2012 2:28:25 PM org.hibernate.cfg.Configuration addResource
INFO: Reading mappings from resource : tablas/Permisos.hbm.xml
dic 14, 2012 2:28:25 PM org.hibernate.cfg.Configuration addResource
INFO: Reading mappings from resource : tablas/FormatoPaper.hbm.xml
dic 14, 2012 2:28:25 PM org.hibernate.cfg.Configuration addResource
INFO: Reading mappings from resource : tablas/PermisosXRoles.hbm.xml
dic 14, 2012 2:28:25 PM org.hibernate.cfg.Configuration addResource
INFO: Reading mappings from resource : tablas/FormatoResultados.hbm.xml
dic 14, 2012 2:28:25 PM org.hibernate.cfg.Configuration addResource
INFO: Reading mappings from resource : tablas/Roles.hbm.xml
dic 14, 2012 2:28:25 PM org.hibernate.cfg.Configuration addResource
INFO: Reading mappings from resource : tablas/FormatoTabla.hbm.xml
dic 14, 2012 2:28:25 PM org.hibernate.cfg.Configuration addResource
INFO: Reading mappings from resource : tablas/FormatoMetodologia.hbm.xml
dic 14, 2012 2:28:25 PM org.hibernate.cfg.Configuration addResource
INFO: Reading mappings from resource : tablas/Papers.hbm.xml
dic 14, 2012 2:28:25 PM org.hibernate.cfg.Configuration addResource
INFO: Reading mappings from resource : tablas/UsuariosNoAprobados.hbm.xml
dic 14, 2012 2:28:26 PM org.hibernate.cfg.Configuration addResource
INFO: Reading mappings from resource : tablas/FormatoIntroduccion.hbm.xml
dic 14, 2012 2:28:26 PM org.hibernate.cfg.Configuration addResource
INFO: Reading mappings from resource : tablas/Usuarios.hbm.xml
dic 14, 2012 2:28:26 PM org.hibernate.cfg.Configuration addResource
INFO: Reading mappings from resource : tablas/FormatoPalabrasClave.hbm.xml
dic 14, 2012 2:28:26 PM org.hibernate.cfg.Configuration addResource
INFO: Reading mappings from resource : tablas/FormatoAnexo.hbm.xml
dic 14, 2012 2:28:26 PM org.hibernate.cfg.Configuration addResource
INFO: Reading mappings from resource : tablas/RolesXUsuarios.hbm.xml
dic 14, 2012 2:28:26 PM org.hibernate.cfg.Configuration addResource
INFO: Reading mappings from resource : tablas/AutoresXPaper.hbm.xml
dic 14, 2012 2:28:26 PM org.hibernate.cfg.Configuration addResource
INFO: Reading mappings from resource : tablas/FormatoRevisionLiteratura.hbm.xml
dic 14, 2012 2:28:26 PM org.hibernate.cfg.Configuration addResource
INFO: Reading mappings from resource : tablas/TablasXPaper.hbm.xml
dic 14, 2012 2:28:26 PM org.hibernate.cfg.Configuration addResource
INFO: Reading mappings from resource : tablas/FormatoAgradecimiento.hbm.xml
dic 14, 2012 2:28:26 PM org.hibernate.cfg.Configuration addResource
INFO: Reading mappings from resource : tablas/AlmacenamientoPapers.hbm.xml
dic 14, 2012 2:28:26 PM org.hibernate.cfg.Configuration addResource
INFO: Reading mappings from resource : tablas/FormatoResumen.hbm.xml
dic 14, 2012 2:28:26 PM org.hibernate.cfg.Configuration addResource
INFO: Reading mappings from resource : tablas/Autores.hbm.xml
dic 14, 2012 2:28:26 PM org.hibernate.cfg.Configuration addResource
INFO: Reading mappings from resource : tablas/FormatoReferencias.hbm.xml
dic 14, 2012 2:28:26 PM org.hibernate.cfg.Configuration addResource
INFO: Reading mappings from resource : tablas/FormatoTitulo.hbm.xml
dic 14, 2012 2:28:26 PM org.hibernate.cfg.Configuration addResource
INFO: Reading mappings from resource : tablas/FormatoConclusiones.hbm.xml
dic 14, 2012 2:28:26 PM org.hibernate.cfg.Configuration addResource
INFO: Reading mappings from resource : tablas/ReferenciasXPaper.hbm.xml
dic 14, 2012 2:28:26 PM org.hibernate.cfg.Configuration doConfigure
INFO: Configured SessionFactory: null
dic 14, 2012 2:28:26 PM org.hibernate.cfg.HbmBinder bindRootPersistentClassCommonValues
INFO: Mapping class: tablas.TiposTablas -> tipos_tablas
dic 14, 2012 2:28:26 PM org.hibernate.cfg.HbmBinder bindRootPersistentClassCommonValues
INFO: Mapping class: tablas.FrasesClaveXPaper -> frases_clave_x_paper
dic 14, 2012 2:28:26 PM org.hibernate.cfg.HbmBinder bindRootPersistentClassCommonValues
INFO: Mapping class: tablas.Tablas -> tablas
dic 14, 2012 2:28:26 PM org.hibernate.cfg.HbmBinder bindRootPersistentClassCommonValues
INFO: Mapping class: tablas.ReferenciasBibliograficas -> referencias_bibliograficas
dic 14, 2012 2:28:26 PM org.hibernate.cfg.HbmBinder bindRootPersistentClassCommonValues
INFO: Mapping class: tablas.Permisos -> permisos
dic 14, 2012 2:28:26 PM org.hibernate.cfg.HbmBinder bindRootPersistentClassCommonValues
INFO: Mapping class: tablas.FormatoPaper -> formato_paper
dic 14, 2012 2:28:26 PM org.hibernate.cfg.HbmBinder bindRootPersistentClassCommonValues
INFO: Mapping class: tablas.PermisosXRoles -> permisos_x_roles
dic 14, 2012 2:28:26 PM org.hibernate.cfg.HbmBinder bindRootPersistentClassCommonValues
INFO: Mapping class: tablas.FormatoResultados -> formato_resultados
dic 14, 2012 2:28:26 PM org.hibernate.cfg.HbmBinder bindRootPersistentClassCommonValues
INFO: Mapping class: tablas.Roles -> roles
dic 14, 2012 2:28:26 PM org.hibernate.cfg.HbmBinder bindRootPersistentClassCommonValues
INFO: Mapping class: tablas.FormatoTabla -> formato_tabla
dic 14, 2012 2:28:26 PM org.hibernate.cfg.HbmBinder bindRootPersistentClassCommonValues
INFO: Mapping class: tablas.FormatoMetodologia -> formato_metodologia
dic 14, 2012 2:28:26 PM org.hibernate.cfg.HbmBinder bindRootPersistentClassCommonValues
INFO: Mapping class: tablas.Papers -> papers
dic 14, 2012 2:28:26 PM org.hibernate.cfg.HbmBinder bindRootPersistentClassCommonValues
INFO: Mapping class: tablas.UsuariosNoAprobados -> usuarios_no_aprobados
dic 14, 2012 2:28:26 PM org.hibernate.cfg.HbmBinder bindRootPersistentClassCommonValues
INFO: Mapping class: tablas.FormatoIntroduccion -> formato_introduccion
dic 14, 2012 2:28:26 PM org.hibernate.cfg.HbmBinder bindRootPersistentClassCommonValues
INFO: Mapping class: tablas.Usuarios -> usuarios
dic 14, 2012 2:28:26 PM org.hibernate.cfg.HbmBinder bindRootPersistentClassCommonValues
INFO: Mapping class: tablas.FormatoPalabrasClave -> formato_palabras_clave
dic 14, 2012 2:28:26 PM org.hibernate.cfg.HbmBinder bindRootPersistentClassCommonValues
INFO: Mapping class: tablas.FormatoAnexo -> formato_anexo
dic 14, 2012 2:28:26 PM org.hibernate.cfg.HbmBinder bindRootPersistentClassCommonValues
INFO: Mapping class: tablas.RolesXUsuarios -> roles_x_usuarios
dic 14, 2012 2:28:26 PM org.hibernate.cfg.HbmBinder bindRootPersistentClassCommonValues
INFO: Mapping class: tablas.AutoresXPaper -> autores_x_paper
dic 14, 2012 2:28:26 PM org.hibernate.cfg.HbmBinder bindRootPersistentClassCommonValues
INFO: Mapping class: tablas.FormatoRevisionLiteratura -> formato_revision_literatura
dic 14, 2012 2:28:26 PM org.hibernate.cfg.HbmBinder bindRootPersistentClassCommonValues
INFO: Mapping class: tablas.TablasXPaper -> tablas_x_paper
dic 14, 2012 2:28:26 PM org.hibernate.cfg.HbmBinder bindRootPersistentClassCommonValues
INFO: Mapping class: tablas.FormatoAgradecimiento -> formato_agradecimiento
dic 14, 2012 2:28:26 PM org.hibernate.cfg.HbmBinder bindRootPersistentClassCommonValues
INFO: Mapping class: tablas.AlmacenamientoPapers -> almacenamiento_papers
dic 14, 2012 2:28:26 PM org.hibernate.cfg.HbmBinder bindRootPersistentClassCommonValues
INFO: Mapping class: tablas.FormatoResumen -> formato_resumen
dic 14, 2012 2:28:26 PM org.hibernate.cfg.HbmBinder bindRootPersistentClassCommonValues
INFO: Mapping class: tablas.Autores -> autores
dic 14, 2012 2:28:26 PM org.hibernate.cfg.HbmBinder bindRootPersistentClassCommonValues
INFO: Mapping class: tablas.FormatoReferencias -> formato_referencias
dic 14, 2012 2:28:26 PM org.hibernate.cfg.HbmBinder bindRootPersistentClassCommonValues
INFO: Mapping class: tablas.FormatoTitulo -> formato_titulo
dic 14, 2012 2:28:26 PM org.hibernate.cfg.HbmBinder bindRootPersistentClassCommonValues
INFO: Mapping class: tablas.FormatoConclusiones -> formato_conclusiones
dic 14, 2012 2:28:26 PM org.hibernate.cfg.HbmBinder bindRootPersistentClassCommonValues
INFO: Mapping class: tablas.ReferenciasXPaper -> referencias_x_paper
dic 14, 2012 2:28:27 PM org.hibernate.cfg.AnnotationConfiguration secondPassCompile
INFO: Hibernate Validator not found: ignoring
dic 14, 2012 2:28:27 PM org.hibernate.connection.ConnectionProviderFactory newConnectionProvider
INFO: Initializing connection provider: org.hibernate.connection.C3P0ConnectionProvider
dic 14, 2012 2:28:27 PM org.hibernate.connection.C3P0ConnectionProvider configure
INFO: C3P0 using driver: com.mysql.jdbc.Driver at URL: jdbc:mysql://localhost:3306/papergeneratordb?zeroDateTimeBehavior=convertToNull
dic 14, 2012 2:28:27 PM org.hibernate.connection.C3P0ConnectionProvider configure
INFO: Connection properties: {user=root, password=****}
dic 14, 2012 2:28:27 PM org.hibernate.connection.C3P0ConnectionProvider configure
INFO: autocommit mode: false
dic 14, 2012 2:28:27 PM com.mchange.v2.log.MLog <clinit>
INFO: MLog clients using java 1.4+ standard logging.
dic 14, 2012 2:28:30 PM com.mchange.v2.c3p0.C3P0Registry banner
INFO: Initializing c3p0-0.9.1.2 [built 21-May-2007 15:04:56; debug? true; trace: 10]
dic 14, 2012 2:28:30 PM com.mchange.v2.c3p0.impl.AbstractPoolBackedDataSource getPoolManager
INFO: Initializing c3p0 pool... com.mchange.v2.c3p0.PoolBackedDataSource@f3a90d79 [ connectionPoolDataSource -> com.mchange.v2.c3p0.WrapperConnectionPoolDataSource@e5826899 [ acquireIncrement -> 1, acquireRetryAttempts -> 30, acquireRetryDelay -> 1000, autoCommitOnClose -> false, automaticTestTable -> null, breakAfterAcquireFailure -> false, checkoutTimeout -> 0, connectionCustomizerClassName -> null, connectionTesterClassName -> com.mchange.v2.c3p0.impl.DefaultConnectionTester, debugUnreturnedConnectionStackTraces -> false, factoryClassLocation -> null, forceIgnoreUnresolvedTransactions -> false, identityToken -> 1bqovag8r171ae4y1psgj0y|5bdd369f, idleConnectionTestPeriod -> 100, initialPoolSize -> 5, maxAdministrativeTaskTime -> 0, maxConnectionAge -> 0, maxIdleTime -> 1800, maxIdleTimeExcessConnections -> 0, maxPoolSize -> 100, maxStatements -> 50, maxStatementsPerConnection -> 0, minPoolSize -> 5, nestedDataSource -> com.mchange.v2.c3p0.DriverManagerDataSource@1523f65c [ description -> null, driverClass -> null, factoryClassLocation -> null, identityToken -> 1bqovag8r171ae4y1psgj0y|1a072412, jdbcUrl -> jdbc:mysql://localhost:3306/papergeneratordb?zeroDateTimeBehavior=convertToNull, properties -> {user=******, password=******} ], preferredTestQuery -> null, propertyCycle -> 0, testConnectionOnCheckin -> false, testConnectionOnCheckout -> false, unreturnedConnectionTimeout -> 0, usesTraditionalReflectiveProxies -> false; userOverrides: {} ], dataSourceName -> null, factoryClassLocation -> null, identityToken -> 1bqovag8r171ae4y1psgj0y|5324a927, numHelperThreads -> 3 ]
dic 14, 2012 2:28:31 PM org.hibernate.cfg.SettingsFactory buildSettings
INFO: RDBMS: MySQL, version: 5.5.25
dic 14, 2012 2:28:31 PM org.hibernate.cfg.SettingsFactory buildSettings
INFO: JDBC driver: MySQL-AB JDBC Driver, version: mysql-connector-java-5.1.13 ( Revision: ${bzr.revision-id} )
dic 14, 2012 2:28:31 PM org.hibernate.dialect.Dialect <init>
INFO: Using dialect: org.hibernate.dialect.MySQLDialect
dic 14, 2012 2:28:31 PM org.hibernate.transaction.TransactionFactoryFactory buildTransactionFactory
INFO: Using default transaction strategy (direct JDBC transactions)
dic 14, 2012 2:28:31 PM org.hibernate.transaction.TransactionManagerLookupFactory getTransactionManagerLookup
INFO: No TransactionManagerLookup configured (in JTA environment, use of read-write or transactional second-level cache is not recommended)
dic 14, 2012 2:28:31 PM org.hibernate.cfg.SettingsFactory buildSettings
INFO: Automatic flush during beforeCompletion(): disabled
dic 14, 2012 2:28:31 PM org.hibernate.cfg.SettingsFactory buildSettings
INFO: Automatic session close at end of transaction: disabled
dic 14, 2012 2:28:31 PM org.hibernate.cfg.SettingsFactory buildSettings
INFO: JDBC batch size: 15
dic 14, 2012 2:28:31 PM org.hibernate.cfg.SettingsFactory buildSettings
INFO: JDBC batch updates for versioned data: disabled
dic 14, 2012 2:28:31 PM org.hibernate.cfg.SettingsFactory buildSettings
INFO: Scrollable result sets: enabled
dic 14, 2012 2:28:31 PM org.hibernate.cfg.SettingsFactory buildSettings
INFO: JDBC3 getGeneratedKeys(): enabled
dic 14, 2012 2:28:31 PM org.hibernate.cfg.SettingsFactory buildSettings
INFO: Connection release mode: auto
dic 14, 2012 2:28:31 PM org.hibernate.cfg.SettingsFactory buildSettings
INFO: Maximum outer join fetch depth: 2
dic 14, 2012 2:28:31 PM org.hibernate.cfg.SettingsFactory buildSettings
INFO: Default batch fetch size: 1
dic 14, 2012 2:28:31 PM org.hibernate.cfg.SettingsFactory buildSettings
INFO: Generate SQL with comments: disabled
dic 14, 2012 2:28:31 PM org.hibernate.cfg.SettingsFactory buildSettings
INFO: Order SQL updates by primary key: disabled
dic 14, 2012 2:28:31 PM org.hibernate.cfg.SettingsFactory buildSettings
INFO: Order SQL inserts for batching: disabled
dic 14, 2012 2:28:31 PM org.hibernate.cfg.SettingsFactory createQueryTranslatorFactory
INFO: Query translator: org.hibernate.hql.classic.ClassicQueryTranslatorFactory
dic 14, 2012 2:28:31 PM org.hibernate.cfg.SettingsFactory buildSettings
INFO: Query language substitutions: {}
dic 14, 2012 2:28:31 PM org.hibernate.cfg.SettingsFactory buildSettings
INFO: JPA-QL strict compliance: disabled
dic 14, 2012 2:28:31 PM org.hibernate.cfg.SettingsFactory buildSettings
INFO: Second-level cache: enabled
dic 14, 2012 2:28:31 PM org.hibernate.cfg.SettingsFactory buildSettings
INFO: Query cache: disabled
dic 14, 2012 2:28:31 PM org.hibernate.cfg.SettingsFactory createCacheProvider
INFO: Cache provider: org.hibernate.cache.NoCacheProvider
dic 14, 2012 2:28:31 PM org.hibernate.cfg.SettingsFactory buildSettings
INFO: Optimize cache for minimal puts: disabled
dic 14, 2012 2:28:31 PM org.hibernate.cfg.SettingsFactory buildSettings
INFO: Structured second-level cache entries: disabled
dic 14, 2012 2:28:31 PM org.hibernate.cfg.SettingsFactory buildSettings
INFO: Statistics: disabled
dic 14, 2012 2:28:31 PM org.hibernate.cfg.SettingsFactory buildSettings
INFO: Deleted entity synthetic identifier rollback: disabled
dic 14, 2012 2:28:31 PM org.hibernate.cfg.SettingsFactory buildSettings
INFO: Default entity-mode: pojo
dic 14, 2012 2:28:31 PM org.hibernate.cfg.SettingsFactory buildSettings
INFO: Named query checking : enabled
dic 14, 2012 2:28:31 PM org.hibernate.impl.SessionFactoryImpl <init>
INFO: building session factory
dic 14, 2012 2:28:32 PM org.hibernate.impl.SessionFactoryObjectFactory addInstance
INFO: Not binding factory to JNDI, no JNDI name configured
]]></system-err>
</testsuite>
